{"/home/sergey/Coding/Hexlet/frontend-bootcamp-project-46/src/diffObject.js": {"path":"/home/sergey/Coding/Hexlet/frontend-bootcamp-project-46/src/diffObject.js","all":false,"statementMap":{"0":{"start":{"line":1,"column":0},"end":{"line":1,"column":23}},"1":{"start":{"line":2,"column":0},"end":{"line":2,"column":0}},"2":{"start":{"line":3,"column":0},"end":{"line":3,"column":17}},"3":{"start":{"line":4,"column":0},"end":{"line":4,"column":52}},"4":{"start":{"line":5,"column":0},"end":{"line":5,"column":23}},"5":{"start":{"line":6,"column":0},"end":{"line":6,"column":28}},"6":{"start":{"line":7,"column":0},"end":{"line":7,"column":28}},"7":{"start":{"line":8,"column":0},"end":{"line":8,"column":28}},"8":{"start":{"line":9,"column":0},"end":{"line":9,"column":29}},"9":{"start":{"line":10,"column":0},"end":{"line":10,"column":73}},"10":{"start":{"line":11,"column":0},"end":{"line":11,"column":75}},"11":{"start":{"line":12,"column":0},"end":{"line":12,"column":101}},"12":{"start":{"line":13,"column":0},"end":{"line":13,"column":103}},"13":{"start":{"line":14,"column":0},"end":{"line":14,"column":2}},"14":{"start":{"line":15,"column":0},"end":{"line":15,"column":0}},"15":{"start":{"line":16,"column":0},"end":{"line":16,"column":17}},"16":{"start":{"line":17,"column":0},"end":{"line":17,"column":32}},"17":{"start":{"line":18,"column":0},"end":{"line":18,"column":14}},"18":{"start":{"line":19,"column":0},"end":{"line":19,"column":21}},"19":{"start":{"line":20,"column":0},"end":{"line":20,"column":18}},"20":{"start":{"line":21,"column":0},"end":{"line":21,"column":16}},"21":{"start":{"line":22,"column":0},"end":{"line":22,"column":5}},"22":{"start":{"line":23,"column":0},"end":{"line":23,"column":34}},"23":{"start":{"line":24,"column":0},"end":{"line":24,"column":14}},"24":{"start":{"line":25,"column":0},"end":{"line":25,"column":21}},"25":{"start":{"line":26,"column":0},"end":{"line":26,"column":20}},"26":{"start":{"line":27,"column":0},"end":{"line":27,"column":16}},"27":{"start":{"line":28,"column":0},"end":{"line":28,"column":5}},"28":{"start":{"line":29,"column":0},"end":{"line":29,"column":40}},"29":{"start":{"line":30,"column":0},"end":{"line":30,"column":14}},"30":{"start":{"line":31,"column":0},"end":{"line":31,"column":24}},"31":{"start":{"line":32,"column":0},"end":{"line":32,"column":24}},"32":{"start":{"line":33,"column":0},"end":{"line":33,"column":20}},"33":{"start":{"line":34,"column":0},"end":{"line":34,"column":45}},"34":{"start":{"line":35,"column":0},"end":{"line":35,"column":5}},"35":{"start":{"line":36,"column":0},"end":{"line":36,"column":36}},"36":{"start":{"line":37,"column":0},"end":{"line":37,"column":14}},"37":{"start":{"line":38,"column":0},"end":{"line":38,"column":21}},"38":{"start":{"line":39,"column":0},"end":{"line":39,"column":22}},"39":{"start":{"line":40,"column":0},"end":{"line":40,"column":16}},"40":{"start":{"line":41,"column":0},"end":{"line":41,"column":5}},"41":{"start":{"line":42,"column":0},"end":{"line":42,"column":2}},"42":{"start":{"line":43,"column":0},"end":{"line":43,"column":42}},"43":{"start":{"line":44,"column":0},"end":{"line":44,"column":0}},"44":{"start":{"line":45,"column":0},"end":{"line":45,"column":42}},"45":{"start":{"line":46,"column":0},"end":{"line":46,"column":20}},"46":{"start":{"line":47,"column":0},"end":{"line":47,"column":79}},"47":{"start":{"line":48,"column":0},"end":{"line":48,"column":38}},"48":{"start":{"line":49,"column":0},"end":{"line":49,"column":59}},"49":{"start":{"line":50,"column":0},"end":{"line":50,"column":16}},"50":{"start":{"line":51,"column":0},"end":{"line":51,"column":20}},"51":{"start":{"line":52,"column":0},"end":{"line":52,"column":57}},"52":{"start":{"line":53,"column":0},"end":{"line":53,"column":25}},"53":{"start":{"line":54,"column":0},"end":{"line":54,"column":10}},"54":{"start":{"line":55,"column":0},"end":{"line":55,"column":7}},"55":{"start":{"line":56,"column":0},"end":{"line":56,"column":58}},"56":{"start":{"line":57,"column":0},"end":{"line":57,"column":51}},"57":{"start":{"line":58,"column":0},"end":{"line":58,"column":7}},"58":{"start":{"line":59,"column":0},"end":{"line":59,"column":60}},"59":{"start":{"line":60,"column":0},"end":{"line":60,"column":53}},"60":{"start":{"line":61,"column":0},"end":{"line":61,"column":7}},"61":{"start":{"line":62,"column":0},"end":{"line":62,"column":62}},"62":{"start":{"line":63,"column":0},"end":{"line":63,"column":55}},"63":{"start":{"line":64,"column":0},"end":{"line":64,"column":7}},"64":{"start":{"line":65,"column":0},"end":{"line":65,"column":60}},"65":{"start":{"line":66,"column":0},"end":{"line":66,"column":64}},"66":{"start":{"line":67,"column":0},"end":{"line":67,"column":7}},"67":{"start":{"line":68,"column":0},"end":{"line":68,"column":20}},"68":{"start":{"line":69,"column":0},"end":{"line":69,"column":7}},"69":{"start":{"line":70,"column":0},"end":{"line":70,"column":36}},"70":{"start":{"line":71,"column":0},"end":{"line":71,"column":4}},"71":{"start":{"line":72,"column":0},"end":{"line":72,"column":26}},"72":{"start":{"line":73,"column":0},"end":{"line":73,"column":2}},"73":{"start":{"line":74,"column":0},"end":{"line":74,"column":0}},"74":{"start":{"line":75,"column":0},"end":{"line":75,"column":32}}},"s":{"0":1,"1":1,"2":1,"3":1,"4":100,"5":92,"6":20,"7":16,"8":1,"9":1,"10":1,"11":1,"12":1,"13":1,"14":1,"15":1,"16":1,"17":20,"18":20,"19":20,"20":20,"21":1,"22":1,"23":8,"24":8,"25":8,"26":8,"27":1,"28":1,"29":16,"30":16,"31":16,"32":16,"33":16,"34":1,"35":1,"36":60,"37":60,"38":60,"39":60,"40":60,"41":1,"42":1,"43":6,"44":6,"45":22,"46":22,"47":22,"48":120,"49":16,"50":16,"51":16,"52":16,"53":16,"54":16,"55":120,"56":20,"57":20,"58":120,"59":8,"60":8,"61":120,"62":60,"63":60,"64":16,"65":16,"66":16,"67":0,"68":22,"69":22,"70":6,"71":6,"72":6,"73":1,"74":1},"branchMap":{"0":{"type":"branch","line":4,"loc":{"start":{"line":4,"column":15},"end":{"line":9,"column":28}},"locations":[{"start":{"line":4,"column":15},"end":{"line":9,"column":28}}]},"1":{"type":"branch","line":5,"loc":{"start":{"line":5,"column":-1},"end":{"line":5,"column":23}},"locations":[{"start":{"line":5,"column":-1},"end":{"line":5,"column":23}}]},"2":{"type":"branch","line":6,"loc":{"start":{"line":6,"column":-1},"end":{"line":6,"column":28}},"locations":[{"start":{"line":6,"column":-1},"end":{"line":6,"column":28}}]},"3":{"type":"branch","line":7,"loc":{"start":{"line":7,"column":-1},"end":{"line":7,"column":28}},"locations":[{"start":{"line":7,"column":-1},"end":{"line":7,"column":28}}]},"4":{"type":"branch","line":8,"loc":{"start":{"line":8,"column":-1},"end":{"line":8,"column":28}},"locations":[{"start":{"line":8,"column":-1},"end":{"line":8,"column":28}}]},"5":{"type":"branch","line":9,"loc":{"start":{"line":9,"column":-1},"end":{"line":9,"column":28}},"locations":[{"start":{"line":9,"column":-1},"end":{"line":9,"column":28}}]},"6":{"type":"branch","line":10,"loc":{"start":{"line":10,"column":14},"end":{"line":10,"column":72}},"locations":[{"start":{"line":10,"column":14},"end":{"line":10,"column":72}}]},"7":{"type":"branch","line":10,"loc":{"start":{"line":10,"column":52},"end":{"line":10,"column":72}},"locations":[{"start":{"line":10,"column":52},"end":{"line":10,"column":72}}]},"8":{"type":"branch","line":11,"loc":{"start":{"line":11,"column":16},"end":{"line":11,"column":74}},"locations":[{"start":{"line":11,"column":16},"end":{"line":11,"column":74}}]},"9":{"type":"branch","line":12,"loc":{"start":{"line":12,"column":16},"end":{"line":12,"column":100}},"locations":[{"start":{"line":12,"column":16},"end":{"line":12,"column":100}}]},"10":{"type":"branch","line":13,"loc":{"start":{"line":13,"column":18},"end":{"line":13,"column":103}},"locations":[{"start":{"line":13,"column":18},"end":{"line":13,"column":103}}]},"11":{"type":"branch","line":17,"loc":{"start":{"line":17,"column":15},"end":{"line":22,"column":4}},"locations":[{"start":{"line":17,"column":15},"end":{"line":22,"column":4}}]},"12":{"type":"branch","line":23,"loc":{"start":{"line":23,"column":17},"end":{"line":28,"column":4}},"locations":[{"start":{"line":23,"column":17},"end":{"line":28,"column":4}}]},"13":{"type":"branch","line":29,"loc":{"start":{"line":29,"column":17},"end":{"line":35,"column":4}},"locations":[{"start":{"line":29,"column":17},"end":{"line":35,"column":4}}]},"14":{"type":"branch","line":36,"loc":{"start":{"line":36,"column":19},"end":{"line":41,"column":5}},"locations":[{"start":{"line":36,"column":19},"end":{"line":41,"column":5}}]},"15":{"type":"branch","line":43,"loc":{"start":{"line":43,"column":25},"end":{"line":73,"column":2}},"locations":[{"start":{"line":43,"column":25},"end":{"line":73,"column":2}}]},"16":{"type":"branch","line":45,"loc":{"start":{"line":45,"column":15},"end":{"line":71,"column":3}},"locations":[{"start":{"line":45,"column":15},"end":{"line":71,"column":3}}]},"17":{"type":"branch","line":48,"loc":{"start":{"line":48,"column":29},"end":{"line":69,"column":5}},"locations":[{"start":{"line":48,"column":29},"end":{"line":69,"column":5}}]},"18":{"type":"branch","line":49,"loc":{"start":{"line":49,"column":58},"end":{"line":55,"column":7}},"locations":[{"start":{"line":49,"column":58},"end":{"line":55,"column":7}}]},"19":{"type":"branch","line":55,"loc":{"start":{"line":55,"column":6},"end":{"line":56,"column":57}},"locations":[{"start":{"line":55,"column":6},"end":{"line":56,"column":57}}]},"20":{"type":"branch","line":56,"loc":{"start":{"line":56,"column":57},"end":{"line":58,"column":7}},"locations":[{"start":{"line":56,"column":57},"end":{"line":58,"column":7}}]},"21":{"type":"branch","line":58,"loc":{"start":{"line":58,"column":6},"end":{"line":59,"column":59}},"locations":[{"start":{"line":58,"column":6},"end":{"line":59,"column":59}}]},"22":{"type":"branch","line":59,"loc":{"start":{"line":59,"column":59},"end":{"line":61,"column":7}},"locations":[{"start":{"line":59,"column":59},"end":{"line":61,"column":7}}]},"23":{"type":"branch","line":61,"loc":{"start":{"line":61,"column":6},"end":{"line":62,"column":61}},"locations":[{"start":{"line":61,"column":6},"end":{"line":62,"column":61}}]},"24":{"type":"branch","line":62,"loc":{"start":{"line":62,"column":61},"end":{"line":64,"column":7}},"locations":[{"start":{"line":62,"column":61},"end":{"line":64,"column":7}}]},"25":{"type":"branch","line":64,"loc":{"start":{"line":64,"column":6},"end":{"line":67,"column":7}},"locations":[{"start":{"line":64,"column":6},"end":{"line":67,"column":7}}]},"26":{"type":"branch","line":67,"loc":{"start":{"line":67,"column":6},"end":{"line":69,"column":5}},"locations":[{"start":{"line":67,"column":6},"end":{"line":69,"column":5}}]}},"b":{"0":[120],"1":[100],"2":[92],"3":[20],"4":[16],"5":[16],"6":[104],"7":[20],"8":[84],"9":[16],"10":[76],"11":[20],"12":[8],"13":[16],"14":[60],"15":[6],"16":[22],"17":[120],"18":[16],"19":[104],"20":[20],"21":[84],"22":[8],"23":[76],"24":[60],"25":[16],"26":[0]},"fnMap":{"0":{"name":"checkNested","decl":{"start":{"line":4,"column":15},"end":{"line":9,"column":28}},"loc":{"start":{"line":4,"column":15},"end":{"line":9,"column":28}},"line":4},"1":{"name":"checkAdded","decl":{"start":{"line":10,"column":14},"end":{"line":10,"column":72}},"loc":{"start":{"line":10,"column":14},"end":{"line":10,"column":72}},"line":10},"2":{"name":"checkRemoved","decl":{"start":{"line":11,"column":16},"end":{"line":11,"column":74}},"loc":{"start":{"line":11,"column":16},"end":{"line":11,"column":74}},"line":11},"3":{"name":"checkUpdated","decl":{"start":{"line":12,"column":16},"end":{"line":12,"column":100}},"loc":{"start":{"line":12,"column":16},"end":{"line":12,"column":100}},"line":12},"4":{"name":"checkUnchanged","decl":{"start":{"line":13,"column":18},"end":{"line":13,"column":103}},"loc":{"start":{"line":13,"column":18},"end":{"line":13,"column":103}},"line":13},"5":{"name":"createAdded","decl":{"start":{"line":17,"column":15},"end":{"line":22,"column":4}},"loc":{"start":{"line":17,"column":15},"end":{"line":22,"column":4}},"line":17},"6":{"name":"createRemoved","decl":{"start":{"line":23,"column":17},"end":{"line":28,"column":4}},"loc":{"start":{"line":23,"column":17},"end":{"line":28,"column":4}},"line":23},"7":{"name":"createUpdated","decl":{"start":{"line":29,"column":17},"end":{"line":35,"column":4}},"loc":{"start":{"line":29,"column":17},"end":{"line":35,"column":4}},"line":29},"8":{"name":"createUnchanged","decl":{"start":{"line":36,"column":19},"end":{"line":41,"column":5}},"loc":{"start":{"line":36,"column":19},"end":{"line":41,"column":5}},"line":36},"9":{"name":"createDiffObject","decl":{"start":{"line":43,"column":25},"end":{"line":73,"column":2}},"loc":{"start":{"line":43,"column":25},"end":{"line":73,"column":2}},"line":43},"10":{"name":"iter","decl":{"start":{"line":45,"column":15},"end":{"line":71,"column":3}},"loc":{"start":{"line":45,"column":15},"end":{"line":71,"column":3}},"line":45}},"f":{"0":120,"1":104,"2":84,"3":16,"4":76,"5":20,"6":8,"7":16,"8":60,"9":6,"10":22}}
,"/home/sergey/Coding/Hexlet/frontend-bootcamp-project-46/src/index.js": {"path":"/home/sergey/Coding/Hexlet/frontend-bootcamp-project-46/src/index.js","all":false,"statementMap":{"0":{"start":{"line":1,"column":0},"end":{"line":1,"column":37}},"1":{"start":{"line":2,"column":0},"end":{"line":2,"column":47}},"2":{"start":{"line":3,"column":0},"end":{"line":3,"column":52}},"3":{"start":{"line":4,"column":0},"end":{"line":4,"column":0}},"4":{"start":{"line":5,"column":0},"end":{"line":5,"column":51}},"5":{"start":{"line":6,"column":0},"end":{"line":6,"column":41}},"6":{"start":{"line":7,"column":0},"end":{"line":7,"column":41}},"7":{"start":{"line":8,"column":0},"end":{"line":8,"column":58}},"8":{"start":{"line":9,"column":0},"end":{"line":9,"column":64}},"9":{"start":{"line":10,"column":0},"end":{"line":10,"column":27}},"10":{"start":{"line":11,"column":0},"end":{"line":11,"column":4}},"11":{"start":{"line":12,"column":0},"end":{"line":12,"column":2}},"12":{"start":{"line":13,"column":0},"end":{"line":13,"column":25}}},"s":{"0":1,"1":1,"2":1,"3":1,"4":1,"5":6,"6":6,"7":6,"8":6,"9":6,"10":6,"11":1,"12":1},"branchMap":{"0":{"type":"branch","line":5,"loc":{"start":{"line":5,"column":16},"end":{"line":11,"column":4}},"locations":[{"start":{"line":5,"column":16},"end":{"line":11,"column":4}}]}},"b":{"0":[6]},"fnMap":{"0":{"name":"genDiff","decl":{"start":{"line":5,"column":16},"end":{"line":11,"column":4}},"loc":{"start":{"line":5,"column":16},"end":{"line":11,"column":4}},"line":5}},"f":{"0":6}}
,"/home/sergey/Coding/Hexlet/frontend-bootcamp-project-46/src/parsers.js": {"path":"/home/sergey/Coding/Hexlet/frontend-bootcamp-project-46/src/parsers.js","all":false,"statementMap":{"0":{"start":{"line":1,"column":0},"end":{"line":1,"column":25}},"1":{"start":{"line":2,"column":0},"end":{"line":2,"column":29}},"2":{"start":{"line":3,"column":0},"end":{"line":3,"column":27}},"3":{"start":{"line":4,"column":0},"end":{"line":4,"column":0}},"4":{"start":{"line":5,"column":0},"end":{"line":5,"column":33}},"5":{"start":{"line":6,"column":0},"end":{"line":6,"column":43}},"6":{"start":{"line":7,"column":0},"end":{"line":7,"column":43}},"7":{"start":{"line":8,"column":0},"end":{"line":8,"column":23}},"8":{"start":{"line":9,"column":0},"end":{"line":9,"column":2}},"9":{"start":{"line":10,"column":0},"end":{"line":10,"column":0}},"10":{"start":{"line":11,"column":0},"end":{"line":11,"column":33}},"11":{"start":{"line":12,"column":0},"end":{"line":12,"column":43}},"12":{"start":{"line":13,"column":0},"end":{"line":13,"column":50}},"13":{"start":{"line":14,"column":0},"end":{"line":14,"column":23}},"14":{"start":{"line":15,"column":0},"end":{"line":15,"column":2}},"15":{"start":{"line":16,"column":0},"end":{"line":16,"column":0}},"16":{"start":{"line":17,"column":0},"end":{"line":17,"column":29}},"17":{"start":{"line":18,"column":0},"end":{"line":18,"column":38}},"18":{"start":{"line":19,"column":0},"end":{"line":19,"column":41}},"19":{"start":{"line":20,"column":0},"end":{"line":20,"column":28}},"20":{"start":{"line":21,"column":0},"end":{"line":21,"column":31}},"21":{"start":{"line":22,"column":0},"end":{"line":22,"column":3}},"22":{"start":{"line":23,"column":0},"end":{"line":23,"column":50}},"23":{"start":{"line":24,"column":0},"end":{"line":24,"column":31}},"24":{"start":{"line":25,"column":0},"end":{"line":25,"column":3}},"25":{"start":{"line":26,"column":0},"end":{"line":26,"column":36}},"26":{"start":{"line":27,"column":0},"end":{"line":27,"column":2}},"27":{"start":{"line":28,"column":0},"end":{"line":28,"column":0}},"28":{"start":{"line":29,"column":0},"end":{"line":29,"column":25}}},"s":{"0":1,"1":1,"2":1,"3":1,"4":1,"5":4,"6":4,"7":4,"8":4,"9":1,"10":1,"11":4,"12":4,"13":4,"14":4,"15":1,"16":1,"17":12,"18":12,"19":12,"20":4,"21":4,"22":12,"23":4,"24":4,"25":4,"26":4,"27":1,"28":1},"branchMap":{"0":{"type":"branch","line":5,"loc":{"start":{"line":5,"column":19},"end":{"line":9,"column":2}},"locations":[{"start":{"line":5,"column":19},"end":{"line":9,"column":2}}]},"1":{"type":"branch","line":11,"loc":{"start":{"line":11,"column":19},"end":{"line":15,"column":2}},"locations":[{"start":{"line":11,"column":19},"end":{"line":15,"column":2}}]},"2":{"type":"branch","line":17,"loc":{"start":{"line":17,"column":19},"end":{"line":27,"column":2}},"locations":[{"start":{"line":17,"column":19},"end":{"line":27,"column":2}}]},"3":{"type":"branch","line":20,"loc":{"start":{"line":20,"column":27},"end":{"line":22,"column":3}},"locations":[{"start":{"line":20,"column":27},"end":{"line":22,"column":3}}]},"4":{"type":"branch","line":22,"loc":{"start":{"line":22,"column":2},"end":{"line":23,"column":29}},"locations":[{"start":{"line":22,"column":2},"end":{"line":23,"column":29}}]},"5":{"type":"branch","line":23,"loc":{"start":{"line":23,"column":25},"end":{"line":23,"column":47}},"locations":[{"start":{"line":23,"column":25},"end":{"line":23,"column":47}}]},"6":{"type":"branch","line":23,"loc":{"start":{"line":23,"column":49},"end":{"line":27,"column":2}},"locations":[{"start":{"line":23,"column":49},"end":{"line":27,"column":2}}]}},"b":{"0":[4],"1":[4],"2":[12],"3":[4],"4":[8],"5":[4],"6":[4]},"fnMap":{"0":{"name":"parseJSON","decl":{"start":{"line":5,"column":19},"end":{"line":9,"column":2}},"loc":{"start":{"line":5,"column":19},"end":{"line":9,"column":2}},"line":5},"1":{"name":"parseYaml","decl":{"start":{"line":11,"column":19},"end":{"line":15,"column":2}},"loc":{"start":{"line":11,"column":19},"end":{"line":15,"column":2}},"line":11},"2":{"name":"parseFile","decl":{"start":{"line":17,"column":19},"end":{"line":27,"column":2}},"loc":{"start":{"line":17,"column":19},"end":{"line":27,"column":2}},"line":17}},"f":{"0":4,"1":4,"2":12}}
,"/home/sergey/Coding/Hexlet/frontend-bootcamp-project-46/src/formatters/index.js": {"path":"/home/sergey/Coding/Hexlet/frontend-bootcamp-project-46/src/formatters/index.js","all":false,"statementMap":{"0":{"start":{"line":1,"column":0},"end":{"line":1,"column":35}},"1":{"start":{"line":2,"column":0},"end":{"line":2,"column":43}},"2":{"start":{"line":3,"column":0},"end":{"line":3,"column":35}},"3":{"start":{"line":4,"column":0},"end":{"line":4,"column":29}},"4":{"start":{"line":5,"column":0},"end":{"line":5,"column":0}},"5":{"start":{"line":6,"column":0},"end":{"line":6,"column":49}},"6":{"start":{"line":7,"column":0},"end":{"line":7,"column":29}},"7":{"start":{"line":8,"column":0},"end":{"line":8,"column":37}},"8":{"start":{"line":9,"column":0},"end":{"line":9,"column":5}},"9":{"start":{"line":10,"column":0},"end":{"line":10,"column":28}},"10":{"start":{"line":11,"column":0},"end":{"line":11,"column":32}},"11":{"start":{"line":12,"column":0},"end":{"line":12,"column":5}},"12":{"start":{"line":13,"column":0},"end":{"line":13,"column":35}},"13":{"start":{"line":14,"column":0},"end":{"line":14,"column":39}},"14":{"start":{"line":15,"column":0},"end":{"line":15,"column":5}},"15":{"start":{"line":16,"column":0},"end":{"line":16,"column":31}},"16":{"start":{"line":17,"column":0},"end":{"line":17,"column":35}},"17":{"start":{"line":18,"column":0},"end":{"line":18,"column":5}},"18":{"start":{"line":19,"column":0},"end":{"line":19,"column":30}},"19":{"start":{"line":20,"column":0},"end":{"line":20,"column":1}},"20":{"start":{"line":21,"column":0},"end":{"line":21,"column":0}},"21":{"start":{"line":22,"column":0},"end":{"line":22,"column":31}}},"s":{"0":1,"1":1,"2":1,"3":1,"4":1,"5":1,"6":6,"7":3,"8":3,"9":6,"10":0,"11":0,"12":6,"13":0,"14":0,"15":6,"16":2,"17":2,"18":1,"19":1,"20":1,"21":1},"branchMap":{"0":{"type":"branch","line":6,"loc":{"start":{"line":6,"column":24},"end":{"line":20,"column":1}},"locations":[{"start":{"line":6,"column":24},"end":{"line":20,"column":1}}]},"1":{"type":"branch","line":7,"loc":{"start":{"line":7,"column":28},"end":{"line":10,"column":27}},"locations":[{"start":{"line":7,"column":28},"end":{"line":10,"column":27}}]},"2":{"type":"branch","line":10,"loc":{"start":{"line":10,"column":27},"end":{"line":12,"column":5}},"locations":[{"start":{"line":10,"column":27},"end":{"line":12,"column":5}}]},"3":{"type":"branch","line":12,"loc":{"start":{"line":12,"column":4},"end":{"line":13,"column":34}},"locations":[{"start":{"line":12,"column":4},"end":{"line":13,"column":34}}]},"4":{"type":"branch","line":13,"loc":{"start":{"line":13,"column":34},"end":{"line":15,"column":5}},"locations":[{"start":{"line":13,"column":34},"end":{"line":15,"column":5}}]},"5":{"type":"branch","line":15,"loc":{"start":{"line":15,"column":4},"end":{"line":16,"column":30}},"locations":[{"start":{"line":15,"column":4},"end":{"line":16,"column":30}}]},"6":{"type":"branch","line":16,"loc":{"start":{"line":16,"column":30},"end":{"line":18,"column":5}},"locations":[{"start":{"line":16,"column":30},"end":{"line":18,"column":5}}]},"7":{"type":"branch","line":18,"loc":{"start":{"line":18,"column":4},"end":{"line":20,"column":1}},"locations":[{"start":{"line":18,"column":4},"end":{"line":20,"column":1}}]}},"b":{"0":[6],"1":[3],"2":[0],"3":[3],"4":[0],"5":[3],"6":[2],"7":[1]},"fnMap":{"0":{"name":"chooseFormatter","decl":{"start":{"line":6,"column":24},"end":{"line":20,"column":1}},"loc":{"start":{"line":6,"column":24},"end":{"line":20,"column":1}},"line":6}},"f":{"0":6}}
,"/home/sergey/Coding/Hexlet/frontend-bootcamp-project-46/src/formatters/json.js": {"path":"/home/sergey/Coding/Hexlet/frontend-bootcamp-project-46/src/formatters/json.js","all":false,"statementMap":{"0":{"start":{"line":1,"column":0},"end":{"line":1,"column":0}},"1":{"start":{"line":2,"column":0},"end":{"line":2,"column":30}},"2":{"start":{"line":3,"column":0},"end":{"line":3,"column":46}},"3":{"start":{"line":4,"column":0},"end":{"line":4,"column":24}},"4":{"start":{"line":5,"column":0},"end":{"line":5,"column":18}},"5":{"start":{"line":6,"column":0},"end":{"line":6,"column":2}},"6":{"start":{"line":7,"column":0},"end":{"line":7,"column":0}},"7":{"start":{"line":8,"column":0},"end":{"line":8,"column":20}}},"s":{"0":1,"1":1,"2":0,"3":0,"4":0,"5":0,"6":1,"7":1},"branchMap":{},"b":{},"fnMap":{"0":{"name":"json","decl":{"start":{"line":2,"column":14},"end":{"line":6,"column":2}},"loc":{"start":{"line":2,"column":14},"end":{"line":6,"column":2}},"line":2}},"f":{"0":0}}
,"/home/sergey/Coding/Hexlet/frontend-bootcamp-project-46/src/formatters/plain.js": {"path":"/home/sergey/Coding/Hexlet/frontend-bootcamp-project-46/src/formatters/plain.js","all":false,"statementMap":{"0":{"start":{"line":1,"column":0},"end":{"line":1,"column":23}},"1":{"start":{"line":2,"column":0},"end":{"line":2,"column":0}},"2":{"start":{"line":3,"column":0},"end":{"line":3,"column":30}},"3":{"start":{"line":4,"column":0},"end":{"line":4,"column":26}},"4":{"start":{"line":5,"column":0},"end":{"line":5,"column":29}},"5":{"start":{"line":6,"column":0},"end":{"line":6,"column":3}},"6":{"start":{"line":7,"column":0},"end":{"line":7,"column":26}},"7":{"start":{"line":8,"column":0},"end":{"line":8,"column":24}},"8":{"start":{"line":9,"column":0},"end":{"line":9,"column":3}},"9":{"start":{"line":10,"column":0},"end":{"line":10,"column":20}},"10":{"start":{"line":11,"column":0},"end":{"line":11,"column":2}},"11":{"start":{"line":12,"column":0},"end":{"line":12,"column":0}},"12":{"start":{"line":13,"column":0},"end":{"line":13,"column":46}},"13":{"start":{"line":14,"column":0},"end":{"line":14,"column":42}},"14":{"start":{"line":15,"column":0},"end":{"line":15,"column":32}},"15":{"start":{"line":16,"column":0},"end":{"line":16,"column":93}},"16":{"start":{"line":17,"column":0},"end":{"line":17,"column":5}},"17":{"start":{"line":18,"column":0},"end":{"line":18,"column":34}},"18":{"start":{"line":19,"column":0},"end":{"line":19,"column":58}},"19":{"start":{"line":20,"column":0},"end":{"line":20,"column":5}},"20":{"start":{"line":21,"column":0},"end":{"line":21,"column":36}},"21":{"start":{"line":22,"column":0},"end":{"line":22,"column":18}},"22":{"start":{"line":23,"column":0},"end":{"line":23,"column":5}},"23":{"start":{"line":24,"column":0},"end":{"line":24,"column":34}},"24":{"start":{"line":25,"column":0},"end":{"line":25,"column":75}},"25":{"start":{"line":26,"column":0},"end":{"line":26,"column":22}},"26":{"start":{"line":27,"column":0},"end":{"line":27,"column":41}},"27":{"start":{"line":28,"column":0},"end":{"line":28,"column":5}},"28":{"start":{"line":29,"column":0},"end":{"line":29,"column":33}},"29":{"start":{"line":30,"column":0},"end":{"line":30,"column":62}},"30":{"start":{"line":31,"column":0},"end":{"line":31,"column":5}},"31":{"start":{"line":32,"column":0},"end":{"line":32,"column":16}},"32":{"start":{"line":33,"column":0},"end":{"line":33,"column":5}},"33":{"start":{"line":34,"column":0},"end":{"line":34,"column":70}},"34":{"start":{"line":35,"column":0},"end":{"line":35,"column":0}},"35":{"start":{"line":36,"column":0},"end":{"line":36,"column":32}},"36":{"start":{"line":37,"column":0},"end":{"line":37,"column":2}},"37":{"start":{"line":38,"column":0},"end":{"line":38,"column":0}},"38":{"start":{"line":39,"column":0},"end":{"line":39,"column":25}}},"s":{"0":1,"1":1,"2":1,"3":26,"4":6,"5":6,"6":26,"7":14,"8":14,"9":6,"10":6,"11":1,"12":1,"13":11,"14":60,"15":10,"16":10,"17":60,"18":4,"19":4,"20":60,"21":30,"22":30,"23":60,"24":8,"25":8,"26":8,"27":8,"28":8,"29":8,"30":8,"31":0,"32":11,"33":11,"34":11,"35":11,"36":11,"37":1,"38":1},"branchMap":{"0":{"type":"branch","line":3,"loc":{"start":{"line":3,"column":19},"end":{"line":11,"column":2}},"locations":[{"start":{"line":3,"column":19},"end":{"line":11,"column":2}}]},"1":{"type":"branch","line":4,"loc":{"start":{"line":4,"column":25},"end":{"line":6,"column":3}},"locations":[{"start":{"line":4,"column":25},"end":{"line":6,"column":3}}]},"2":{"type":"branch","line":6,"loc":{"start":{"line":6,"column":2},"end":{"line":7,"column":25}},"locations":[{"start":{"line":6,"column":2},"end":{"line":7,"column":25}}]},"3":{"type":"branch","line":7,"loc":{"start":{"line":7,"column":25},"end":{"line":9,"column":3}},"locations":[{"start":{"line":7,"column":25},"end":{"line":9,"column":3}}]},"4":{"type":"branch","line":9,"loc":{"start":{"line":9,"column":2},"end":{"line":11,"column":2}},"locations":[{"start":{"line":9,"column":2},"end":{"line":11,"column":2}}]},"5":{"type":"branch","line":13,"loc":{"start":{"line":13,"column":18},"end":{"line":37,"column":2}},"locations":[{"start":{"line":13,"column":18},"end":{"line":37,"column":2}}]},"6":{"type":"branch","line":14,"loc":{"start":{"line":14,"column":32},"end":{"line":33,"column":3}},"locations":[{"start":{"line":14,"column":32},"end":{"line":33,"column":3}}]},"7":{"type":"branch","line":15,"loc":{"start":{"line":15,"column":31},"end":{"line":17,"column":5}},"locations":[{"start":{"line":15,"column":31},"end":{"line":17,"column":5}}]},"8":{"type":"branch","line":17,"loc":{"start":{"line":17,"column":4},"end":{"line":18,"column":33}},"locations":[{"start":{"line":17,"column":4},"end":{"line":18,"column":33}}]},"9":{"type":"branch","line":18,"loc":{"start":{"line":18,"column":33},"end":{"line":20,"column":5}},"locations":[{"start":{"line":18,"column":33},"end":{"line":20,"column":5}}]},"10":{"type":"branch","line":20,"loc":{"start":{"line":20,"column":4},"end":{"line":21,"column":35}},"locations":[{"start":{"line":20,"column":4},"end":{"line":21,"column":35}}]},"11":{"type":"branch","line":21,"loc":{"start":{"line":21,"column":35},"end":{"line":23,"column":5}},"locations":[{"start":{"line":21,"column":35},"end":{"line":23,"column":5}}]},"12":{"type":"branch","line":23,"loc":{"start":{"line":23,"column":4},"end":{"line":24,"column":33}},"locations":[{"start":{"line":23,"column":4},"end":{"line":24,"column":33}}]},"13":{"type":"branch","line":24,"loc":{"start":{"line":24,"column":33},"end":{"line":31,"column":5}},"locations":[{"start":{"line":24,"column":33},"end":{"line":31,"column":5}}]},"14":{"type":"branch","line":31,"loc":{"start":{"line":31,"column":4},"end":{"line":33,"column":3}},"locations":[{"start":{"line":31,"column":4},"end":{"line":33,"column":3}}]},"15":{"type":"branch","line":34,"loc":{"start":{"line":34,"column":32},"end":{"line":34,"column":45}},"locations":[{"start":{"line":34,"column":32},"end":{"line":34,"column":45}}]},"16":{"type":"branch","line":34,"loc":{"start":{"line":34,"column":55},"end":{"line":34,"column":68}},"locations":[{"start":{"line":34,"column":55},"end":{"line":34,"column":68}}]}},"b":{"0":[26],"1":[6],"2":[20],"3":[14],"4":[6],"5":[11],"6":[60],"7":[10],"8":[50],"9":[4],"10":[46],"11":[30],"12":[16],"13":[8],"14":[0],"15":[60],"16":[60]},"fnMap":{"0":{"name":"stringify","decl":{"start":{"line":3,"column":19},"end":{"line":11,"column":2}},"loc":{"start":{"line":3,"column":19},"end":{"line":11,"column":2}},"line":3},"1":{"name":"plainText","decl":{"start":{"line":13,"column":18},"end":{"line":37,"column":2}},"loc":{"start":{"line":13,"column":18},"end":{"line":37,"column":2}},"line":13}},"f":{"0":26,"1":11}}
,"/home/sergey/Coding/Hexlet/frontend-bootcamp-project-46/src/formatters/stylish.js": {"path":"/home/sergey/Coding/Hexlet/frontend-bootcamp-project-46/src/formatters/stylish.js","all":false,"statementMap":{"0":{"start":{"line":1,"column":0},"end":{"line":1,"column":23}},"1":{"start":{"line":2,"column":0},"end":{"line":2,"column":0}},"2":{"start":{"line":3,"column":0},"end":{"line":3,"column":39}},"3":{"start":{"line":4,"column":0},"end":{"line":4,"column":30}},"4":{"start":{"line":5,"column":0},"end":{"line":5,"column":30}},"5":{"start":{"line":6,"column":0},"end":{"line":6,"column":18}},"6":{"start":{"line":7,"column":0},"end":{"line":7,"column":2}},"7":{"start":{"line":8,"column":0},"end":{"line":8,"column":0}},"8":{"start":{"line":9,"column":0},"end":{"line":9,"column":54}},"9":{"start":{"line":10,"column":0},"end":{"line":10,"column":27}},"10":{"start":{"line":11,"column":0},"end":{"line":11,"column":22}},"11":{"start":{"line":12,"column":0},"end":{"line":12,"column":3}},"12":{"start":{"line":13,"column":0},"end":{"line":13,"column":45}},"13":{"start":{"line":14,"column":0},"end":{"line":14,"column":53}},"14":{"start":{"line":15,"column":0},"end":{"line":15,"column":42}},"15":{"start":{"line":16,"column":0},"end":{"line":16,"column":86}},"16":{"start":{"line":17,"column":0},"end":{"line":17,"column":4}},"17":{"start":{"line":18,"column":0},"end":{"line":18,"column":69}},"18":{"start":{"line":19,"column":0},"end":{"line":19,"column":2}},"19":{"start":{"line":20,"column":0},"end":{"line":20,"column":0}},"20":{"start":{"line":21,"column":0},"end":{"line":21,"column":29}},"21":{"start":{"line":22,"column":0},"end":{"line":22,"column":56}},"22":{"start":{"line":23,"column":0},"end":{"line":23,"column":20}},"23":{"start":{"line":24,"column":0},"end":{"line":24,"column":47}},"24":{"start":{"line":25,"column":0},"end":{"line":25,"column":55}},"25":{"start":{"line":26,"column":0},"end":{"line":26,"column":39}},"26":{"start":{"line":27,"column":0},"end":{"line":27,"column":35}},"27":{"start":{"line":28,"column":0},"end":{"line":28,"column":43}},"28":{"start":{"line":29,"column":0},"end":{"line":29,"column":87}},"29":{"start":{"line":30,"column":0},"end":{"line":30,"column":7}},"30":{"start":{"line":31,"column":0},"end":{"line":31,"column":34}},"31":{"start":{"line":32,"column":0},"end":{"line":32,"column":82}},"32":{"start":{"line":33,"column":0},"end":{"line":33,"column":21}},"33":{"start":{"line":34,"column":0},"end":{"line":34,"column":20}},"34":{"start":{"line":35,"column":0},"end":{"line":35,"column":12}},"35":{"start":{"line":36,"column":0},"end":{"line":36,"column":7}},"36":{"start":{"line":37,"column":0},"end":{"line":37,"column":36}},"37":{"start":{"line":38,"column":0},"end":{"line":38,"column":82}},"38":{"start":{"line":39,"column":0},"end":{"line":39,"column":21}},"39":{"start":{"line":40,"column":0},"end":{"line":40,"column":20}},"40":{"start":{"line":41,"column":0},"end":{"line":41,"column":12}},"41":{"start":{"line":42,"column":0},"end":{"line":42,"column":7}},"42":{"start":{"line":43,"column":0},"end":{"line":43,"column":38}},"43":{"start":{"line":44,"column":0},"end":{"line":44,"column":82}},"44":{"start":{"line":45,"column":0},"end":{"line":45,"column":21}},"45":{"start":{"line":46,"column":0},"end":{"line":46,"column":20}},"46":{"start":{"line":47,"column":0},"end":{"line":47,"column":12}},"47":{"start":{"line":48,"column":0},"end":{"line":48,"column":7}},"48":{"start":{"line":49,"column":0},"end":{"line":49,"column":36}},"49":{"start":{"line":50,"column":0},"end":{"line":50,"column":91}},"50":{"start":{"line":51,"column":0},"end":{"line":51,"column":24}},"51":{"start":{"line":52,"column":0},"end":{"line":52,"column":20}},"52":{"start":{"line":53,"column":0},"end":{"line":53,"column":87}},"53":{"start":{"line":54,"column":0},"end":{"line":54,"column":24}},"54":{"start":{"line":55,"column":0},"end":{"line":55,"column":20}},"55":{"start":{"line":56,"column":0},"end":{"line":56,"column":12}},"56":{"start":{"line":57,"column":0},"end":{"line":57,"column":7}},"57":{"start":{"line":58,"column":0},"end":{"line":58,"column":0}},"58":{"start":{"line":59,"column":0},"end":{"line":59,"column":20}},"59":{"start":{"line":60,"column":0},"end":{"line":60,"column":7}},"60":{"start":{"line":61,"column":0},"end":{"line":61,"column":72}},"61":{"start":{"line":62,"column":0},"end":{"line":62,"column":4}},"62":{"start":{"line":63,"column":0},"end":{"line":63,"column":25}},"63":{"start":{"line":64,"column":0},"end":{"line":64,"column":2}},"64":{"start":{"line":65,"column":0},"end":{"line":65,"column":0}},"65":{"start":{"line":66,"column":0},"end":{"line":66,"column":23}}},"s":{"0":1,"1":1,"2":1,"3":8,"4":8,"5":8,"6":8,"7":1,"8":1,"9":54,"10":40,"11":40,"12":14,"13":14,"14":14,"15":14,"16":14,"17":14,"18":14,"19":1,"20":1,"21":2,"22":10,"23":10,"24":10,"25":10,"26":36,"27":8,"28":8,"29":8,"30":36,"31":10,"32":10,"33":10,"34":10,"35":10,"36":36,"37":4,"38":4,"39":4,"40":4,"41":4,"42":36,"43":6,"44":6,"45":6,"46":6,"47":6,"48":8,"49":8,"50":8,"51":8,"52":8,"53":8,"54":8,"55":8,"56":8,"57":0,"58":0,"59":10,"60":10,"61":2,"62":2,"63":2,"64":1,"65":1},"branchMap":{"0":{"type":"branch","line":3,"loc":{"start":{"line":3,"column":21},"end":{"line":7,"column":2}},"locations":[{"start":{"line":3,"column":21},"end":{"line":7,"column":2}}]},"1":{"type":"branch","line":9,"loc":{"start":{"line":9,"column":18},"end":{"line":19,"column":2}},"locations":[{"start":{"line":9,"column":18},"end":{"line":19,"column":2}}]},"2":{"type":"branch","line":10,"loc":{"start":{"line":10,"column":26},"end":{"line":12,"column":3}},"locations":[{"start":{"line":10,"column":26},"end":{"line":12,"column":3}}]},"3":{"type":"branch","line":12,"loc":{"start":{"line":12,"column":2},"end":{"line":19,"column":2}},"locations":[{"start":{"line":12,"column":2},"end":{"line":19,"column":2}}]},"4":{"type":"branch","line":16,"loc":{"start":{"line":16,"column":4},"end":{"line":16,"column":85}},"locations":[{"start":{"line":16,"column":4},"end":{"line":16,"column":85}}]},"5":{"type":"branch","line":21,"loc":{"start":{"line":21,"column":17},"end":{"line":64,"column":2}},"locations":[{"start":{"line":21,"column":17},"end":{"line":64,"column":2}}]},"6":{"type":"branch","line":22,"loc":{"start":{"line":22,"column":15},"end":{"line":62,"column":3}},"locations":[{"start":{"line":22,"column":15},"end":{"line":62,"column":3}}]},"7":{"type":"branch","line":26,"loc":{"start":{"line":26,"column":29},"end":{"line":60,"column":5}},"locations":[{"start":{"line":26,"column":29},"end":{"line":60,"column":5}}]},"8":{"type":"branch","line":27,"loc":{"start":{"line":27,"column":34},"end":{"line":30,"column":7}},"locations":[{"start":{"line":27,"column":34},"end":{"line":30,"column":7}}]},"9":{"type":"branch","line":30,"loc":{"start":{"line":30,"column":6},"end":{"line":31,"column":33}},"locations":[{"start":{"line":30,"column":6},"end":{"line":31,"column":33}}]},"10":{"type":"branch","line":31,"loc":{"start":{"line":31,"column":33},"end":{"line":36,"column":7}},"locations":[{"start":{"line":31,"column":33},"end":{"line":36,"column":7}}]},"11":{"type":"branch","line":36,"loc":{"start":{"line":36,"column":6},"end":{"line":37,"column":35}},"locations":[{"start":{"line":36,"column":6},"end":{"line":37,"column":35}}]},"12":{"type":"branch","line":37,"loc":{"start":{"line":37,"column":35},"end":{"line":42,"column":7}},"locations":[{"start":{"line":37,"column":35},"end":{"line":42,"column":7}}]},"13":{"type":"branch","line":42,"loc":{"start":{"line":42,"column":6},"end":{"line":43,"column":37}},"locations":[{"start":{"line":42,"column":6},"end":{"line":43,"column":37}}]},"14":{"type":"branch","line":43,"loc":{"start":{"line":43,"column":37},"end":{"line":48,"column":7}},"locations":[{"start":{"line":43,"column":37},"end":{"line":48,"column":7}}]},"15":{"type":"branch","line":48,"loc":{"start":{"line":48,"column":6},"end":{"line":57,"column":7}},"locations":[{"start":{"line":48,"column":6},"end":{"line":57,"column":7}}]},"16":{"type":"branch","line":57,"loc":{"start":{"line":57,"column":6},"end":{"line":60,"column":5}},"locations":[{"start":{"line":57,"column":6},"end":{"line":60,"column":5}}]}},"b":{"0":[8],"1":[54],"2":[40],"3":[14],"4":[18],"5":[2],"6":[10],"7":[36],"8":[8],"9":[28],"10":[10],"11":[18],"12":[4],"13":[14],"14":[6],"15":[8],"16":[0]},"fnMap":{"0":{"name":"getChildren","decl":{"start":{"line":3,"column":21},"end":{"line":7,"column":2}},"loc":{"start":{"line":3,"column":21},"end":{"line":7,"column":2}},"line":3},"1":{"name":"stringify","decl":{"start":{"line":9,"column":18},"end":{"line":19,"column":2}},"loc":{"start":{"line":9,"column":18},"end":{"line":19,"column":2}},"line":9},"2":{"name":"stylish","decl":{"start":{"line":21,"column":17},"end":{"line":64,"column":2}},"loc":{"start":{"line":21,"column":17},"end":{"line":64,"column":2}},"line":21},"3":{"name":"iter","decl":{"start":{"line":22,"column":15},"end":{"line":62,"column":3}},"loc":{"start":{"line":22,"column":15},"end":{"line":62,"column":3}},"line":22}},"f":{"0":8,"1":54,"2":2,"3":10}}
,"/home/sergey/Coding/Hexlet/frontend-bootcamp-project-46/src/formatters/stylishPlus.js": {"path":"/home/sergey/Coding/Hexlet/frontend-bootcamp-project-46/src/formatters/stylishPlus.js","all":false,"statementMap":{"0":{"start":{"line":1,"column":0},"end":{"line":1,"column":23}},"1":{"start":{"line":2,"column":0},"end":{"line":2,"column":28}},"2":{"start":{"line":3,"column":0},"end":{"line":3,"column":0}},"3":{"start":{"line":4,"column":0},"end":{"line":4,"column":39}},"4":{"start":{"line":5,"column":0},"end":{"line":5,"column":30}},"5":{"start":{"line":6,"column":0},"end":{"line":6,"column":30}},"6":{"start":{"line":7,"column":0},"end":{"line":7,"column":18}},"7":{"start":{"line":8,"column":0},"end":{"line":8,"column":2}},"8":{"start":{"line":9,"column":0},"end":{"line":9,"column":0}},"9":{"start":{"line":10,"column":0},"end":{"line":10,"column":0}},"10":{"start":{"line":11,"column":0},"end":{"line":11,"column":20}},"11":{"start":{"line":12,"column":0},"end":{"line":12,"column":88}},"12":{"start":{"line":13,"column":0},"end":{"line":13,"column":62}},"13":{"start":{"line":14,"column":0},"end":{"line":14,"column":64}},"14":{"start":{"line":15,"column":0},"end":{"line":15,"column":68}},"15":{"start":{"line":16,"column":0},"end":{"line":16,"column":69}},"16":{"start":{"line":17,"column":0},"end":{"line":17,"column":65}},"17":{"start":{"line":18,"column":0},"end":{"line":18,"column":51}},"18":{"start":{"line":19,"column":0},"end":{"line":19,"column":119}},"19":{"start":{"line":20,"column":0},"end":{"line":20,"column":1}},"20":{"start":{"line":21,"column":0},"end":{"line":21,"column":0}},"21":{"start":{"line":22,"column":0},"end":{"line":22,"column":54}},"22":{"start":{"line":23,"column":0},"end":{"line":23,"column":27}},"23":{"start":{"line":24,"column":0},"end":{"line":24,"column":22}},"24":{"start":{"line":25,"column":0},"end":{"line":25,"column":3}},"25":{"start":{"line":26,"column":0},"end":{"line":26,"column":45}},"26":{"start":{"line":27,"column":0},"end":{"line":27,"column":53}},"27":{"start":{"line":28,"column":0},"end":{"line":28,"column":42}},"28":{"start":{"line":29,"column":0},"end":{"line":29,"column":86}},"29":{"start":{"line":30,"column":0},"end":{"line":30,"column":4}},"30":{"start":{"line":31,"column":0},"end":{"line":31,"column":69}},"31":{"start":{"line":32,"column":0},"end":{"line":32,"column":2}},"32":{"start":{"line":33,"column":0},"end":{"line":33,"column":0}},"33":{"start":{"line":34,"column":0},"end":{"line":34,"column":31}},"34":{"start":{"line":35,"column":0},"end":{"line":35,"column":2}},"35":{"start":{"line":36,"column":0},"end":{"line":36,"column":56}},"36":{"start":{"line":37,"column":0},"end":{"line":37,"column":20}},"37":{"start":{"line":38,"column":0},"end":{"line":38,"column":47}},"38":{"start":{"line":39,"column":0},"end":{"line":39,"column":55}},"39":{"start":{"line":40,"column":0},"end":{"line":40,"column":39}},"40":{"start":{"line":41,"column":0},"end":{"line":41,"column":35}},"41":{"start":{"line":42,"column":0},"end":{"line":42,"column":43}},"42":{"start":{"line":43,"column":0},"end":{"line":43,"column":96}},"43":{"start":{"line":44,"column":0},"end":{"line":44,"column":7}},"44":{"start":{"line":45,"column":0},"end":{"line":45,"column":34}},"45":{"start":{"line":46,"column":0},"end":{"line":46,"column":82}},"46":{"start":{"line":47,"column":0},"end":{"line":47,"column":21}},"47":{"start":{"line":48,"column":0},"end":{"line":48,"column":20}},"48":{"start":{"line":49,"column":0},"end":{"line":49,"column":20}},"49":{"start":{"line":50,"column":0},"end":{"line":50,"column":7}},"50":{"start":{"line":51,"column":0},"end":{"line":51,"column":36}},"51":{"start":{"line":52,"column":0},"end":{"line":52,"column":82}},"52":{"start":{"line":53,"column":0},"end":{"line":53,"column":21}},"53":{"start":{"line":54,"column":0},"end":{"line":54,"column":20}},"54":{"start":{"line":55,"column":0},"end":{"line":55,"column":18}},"55":{"start":{"line":56,"column":0},"end":{"line":56,"column":7}},"56":{"start":{"line":57,"column":0},"end":{"line":57,"column":38}},"57":{"start":{"line":58,"column":0},"end":{"line":58,"column":82}},"58":{"start":{"line":59,"column":0},"end":{"line":59,"column":21}},"59":{"start":{"line":60,"column":0},"end":{"line":60,"column":20}},"60":{"start":{"line":61,"column":0},"end":{"line":61,"column":19}},"61":{"start":{"line":62,"column":0},"end":{"line":62,"column":7}},"62":{"start":{"line":63,"column":0},"end":{"line":63,"column":36}},"63":{"start":{"line":64,"column":0},"end":{"line":64,"column":91}},"64":{"start":{"line":65,"column":0},"end":{"line":65,"column":24}},"65":{"start":{"line":66,"column":0},"end":{"line":66,"column":20}},"66":{"start":{"line":67,"column":0},"end":{"line":67,"column":87}},"67":{"start":{"line":68,"column":0},"end":{"line":68,"column":24}},"68":{"start":{"line":69,"column":0},"end":{"line":69,"column":20}},"69":{"start":{"line":70,"column":0},"end":{"line":70,"column":22}},"70":{"start":{"line":71,"column":0},"end":{"line":71,"column":7}},"71":{"start":{"line":72,"column":0},"end":{"line":72,"column":0}},"72":{"start":{"line":73,"column":0},"end":{"line":73,"column":20}},"73":{"start":{"line":74,"column":0},"end":{"line":74,"column":7}},"74":{"start":{"line":75,"column":0},"end":{"line":75,"column":72}},"75":{"start":{"line":76,"column":0},"end":{"line":76,"column":4}},"76":{"start":{"line":77,"column":0},"end":{"line":77,"column":25}},"77":{"start":{"line":78,"column":0},"end":{"line":78,"column":0}},"78":{"start":{"line":79,"column":0},"end":{"line":79,"column":2}},"79":{"start":{"line":80,"column":0},"end":{"line":80,"column":0}},"80":{"start":{"line":81,"column":0},"end":{"line":81,"column":33}},"81":{"start":{"line":82,"column":0},"end":{"line":82,"column":29}},"82":{"start":{"line":83,"column":0},"end":{"line":83,"column":42}},"83":{"start":{"line":84,"column":0},"end":{"line":84,"column":49}},"84":{"start":{"line":85,"column":0},"end":{"line":85,"column":1}},"85":{"start":{"line":86,"column":0},"end":{"line":86,"column":0}},"86":{"start":{"line":87,"column":0},"end":{"line":87,"column":27}}},"s":{"0":1,"1":1,"2":1,"3":1,"4":0,"5":0,"6":0,"7":0,"8":1,"9":1,"10":1,"11":0,"12":0,"13":0,"14":0,"15":0,"16":0,"17":0,"18":0,"19":0,"20":1,"21":1,"22":0,"23":0,"24":0,"25":0,"26":0,"27":0,"28":0,"29":0,"30":0,"31":0,"32":1,"33":1,"34":0,"35":0,"36":0,"37":0,"38":0,"39":0,"40":0,"41":0,"42":0,"43":0,"44":0,"45":0,"46":0,"47":0,"48":0,"49":0,"50":0,"51":0,"52":0,"53":0,"54":0,"55":0,"56":0,"57":0,"58":0,"59":0,"60":0,"61":0,"62":0,"63":0,"64":0,"65":0,"66":0,"67":0,"68":0,"69":0,"70":0,"71":0,"72":0,"73":0,"74":0,"75":0,"76":0,"77":0,"78":0,"79":1,"80":1,"81":0,"82":0,"83":0,"84":0,"85":1,"86":1},"branchMap":{},"b":{},"fnMap":{"0":{"name":"getChildren","decl":{"start":{"line":4,"column":21},"end":{"line":8,"column":2}},"loc":{"start":{"line":4,"column":21},"end":{"line":8,"column":2}},"line":4},"1":{"name":"info","decl":{"start":{"line":11,"column":13},"end":{"line":20,"column":1}},"loc":{"start":{"line":11,"column":13},"end":{"line":20,"column":1}},"line":11},"2":{"name":"stringify","decl":{"start":{"line":22,"column":18},"end":{"line":32,"column":2}},"loc":{"start":{"line":22,"column":18},"end":{"line":32,"column":2}},"line":22},"3":{"name":"formatter","decl":{"start":{"line":34,"column":19},"end":{"line":79,"column":2}},"loc":{"start":{"line":34,"column":19},"end":{"line":79,"column":2}},"line":34},"4":{"name":"stylishPlus","decl":{"start":{"line":81,"column":21},"end":{"line":85,"column":1}},"loc":{"start":{"line":81,"column":21},"end":{"line":85,"column":1}},"line":81}},"f":{"0":0,"1":0,"2":0,"3":0,"4":0}}
}
