{"/home/sergey/Coding/Hexlet/frontend-bootcamp-project-46/src/diffObject.js": {"path":"/home/sergey/Coding/Hexlet/frontend-bootcamp-project-46/src/diffObject.js","all":false,"statementMap":{"0":{"start":{"line":1,"column":0},"end":{"line":1,"column":23}},"1":{"start":{"line":2,"column":0},"end":{"line":2,"column":0}},"2":{"start":{"line":3,"column":0},"end":{"line":3,"column":17}},"3":{"start":{"line":4,"column":0},"end":{"line":4,"column":52}},"4":{"start":{"line":5,"column":0},"end":{"line":5,"column":23}},"5":{"start":{"line":6,"column":0},"end":{"line":6,"column":28}},"6":{"start":{"line":7,"column":0},"end":{"line":7,"column":28}},"7":{"start":{"line":8,"column":0},"end":{"line":8,"column":28}},"8":{"start":{"line":9,"column":0},"end":{"line":9,"column":29}},"9":{"start":{"line":10,"column":0},"end":{"line":10,"column":73}},"10":{"start":{"line":11,"column":0},"end":{"line":11,"column":75}},"11":{"start":{"line":12,"column":0},"end":{"line":12,"column":53}},"12":{"start":{"line":13,"column":0},"end":{"line":13,"column":23}},"13":{"start":{"line":14,"column":0},"end":{"line":14,"column":31}},"14":{"start":{"line":15,"column":0},"end":{"line":15,"column":55}},"15":{"start":{"line":16,"column":0},"end":{"line":16,"column":23}},"16":{"start":{"line":17,"column":0},"end":{"line":17,"column":31}},"17":{"start":{"line":18,"column":0},"end":{"line":18,"column":2}},"18":{"start":{"line":19,"column":0},"end":{"line":19,"column":0}},"19":{"start":{"line":20,"column":0},"end":{"line":20,"column":17}},"20":{"start":{"line":21,"column":0},"end":{"line":21,"column":32}},"21":{"start":{"line":22,"column":0},"end":{"line":22,"column":14}},"22":{"start":{"line":23,"column":0},"end":{"line":23,"column":21}},"23":{"start":{"line":24,"column":0},"end":{"line":24,"column":18}},"24":{"start":{"line":25,"column":0},"end":{"line":25,"column":16}},"25":{"start":{"line":26,"column":0},"end":{"line":26,"column":5}},"26":{"start":{"line":27,"column":0},"end":{"line":27,"column":34}},"27":{"start":{"line":28,"column":0},"end":{"line":28,"column":14}},"28":{"start":{"line":29,"column":0},"end":{"line":29,"column":21}},"29":{"start":{"line":30,"column":0},"end":{"line":30,"column":20}},"30":{"start":{"line":31,"column":0},"end":{"line":31,"column":16}},"31":{"start":{"line":32,"column":0},"end":{"line":32,"column":5}},"32":{"start":{"line":33,"column":0},"end":{"line":33,"column":40}},"33":{"start":{"line":34,"column":0},"end":{"line":34,"column":14}},"34":{"start":{"line":35,"column":0},"end":{"line":35,"column":24}},"35":{"start":{"line":36,"column":0},"end":{"line":36,"column":24}},"36":{"start":{"line":37,"column":0},"end":{"line":37,"column":20}},"37":{"start":{"line":38,"column":0},"end":{"line":38,"column":45}},"38":{"start":{"line":39,"column":0},"end":{"line":39,"column":5}},"39":{"start":{"line":40,"column":0},"end":{"line":40,"column":36}},"40":{"start":{"line":41,"column":0},"end":{"line":41,"column":14}},"41":{"start":{"line":42,"column":0},"end":{"line":42,"column":21}},"42":{"start":{"line":43,"column":0},"end":{"line":43,"column":22}},"43":{"start":{"line":44,"column":0},"end":{"line":44,"column":16}},"44":{"start":{"line":45,"column":0},"end":{"line":45,"column":5}},"45":{"start":{"line":46,"column":0},"end":{"line":46,"column":2}},"46":{"start":{"line":47,"column":0},"end":{"line":47,"column":42}},"47":{"start":{"line":48,"column":0},"end":{"line":48,"column":42}},"48":{"start":{"line":49,"column":0},"end":{"line":49,"column":79}},"49":{"start":{"line":50,"column":0},"end":{"line":50,"column":44}},"50":{"start":{"line":51,"column":0},"end":{"line":51,"column":59}},"51":{"start":{"line":52,"column":0},"end":{"line":52,"column":16}},"52":{"start":{"line":53,"column":0},"end":{"line":53,"column":20}},"53":{"start":{"line":54,"column":0},"end":{"line":54,"column":57}},"54":{"start":{"line":55,"column":0},"end":{"line":55,"column":25}},"55":{"start":{"line":56,"column":0},"end":{"line":56,"column":10}},"56":{"start":{"line":57,"column":0},"end":{"line":57,"column":7}},"57":{"start":{"line":58,"column":0},"end":{"line":58,"column":58}},"58":{"start":{"line":59,"column":0},"end":{"line":59,"column":51}},"59":{"start":{"line":60,"column":0},"end":{"line":60,"column":7}},"60":{"start":{"line":61,"column":0},"end":{"line":61,"column":60}},"61":{"start":{"line":62,"column":0},"end":{"line":62,"column":53}},"62":{"start":{"line":63,"column":0},"end":{"line":63,"column":7}},"63":{"start":{"line":64,"column":0},"end":{"line":64,"column":62}},"64":{"start":{"line":65,"column":0},"end":{"line":65,"column":55}},"65":{"start":{"line":66,"column":0},"end":{"line":66,"column":7}},"66":{"start":{"line":67,"column":0},"end":{"line":67,"column":60}},"67":{"start":{"line":68,"column":0},"end":{"line":68,"column":64}},"68":{"start":{"line":69,"column":0},"end":{"line":69,"column":7}},"69":{"start":{"line":70,"column":0},"end":{"line":70,"column":20}},"70":{"start":{"line":71,"column":0},"end":{"line":71,"column":7}},"71":{"start":{"line":72,"column":0},"end":{"line":72,"column":36}},"72":{"start":{"line":73,"column":0},"end":{"line":73,"column":4}},"73":{"start":{"line":74,"column":0},"end":{"line":74,"column":26}},"74":{"start":{"line":75,"column":0},"end":{"line":75,"column":2}},"75":{"start":{"line":76,"column":0},"end":{"line":76,"column":0}},"76":{"start":{"line":77,"column":0},"end":{"line":77,"column":32}}},"s":{"0":1,"1":1,"2":1,"3":1,"4":52,"5":44,"6":20,"7":16,"8":1,"9":1,"10":1,"11":1,"12":16,"13":1,"14":1,"15":28,"16":28,"17":1,"18":1,"19":1,"20":1,"21":20,"22":20,"23":20,"24":20,"25":1,"26":1,"27":8,"28":8,"29":8,"30":8,"31":1,"32":1,"33":16,"34":16,"35":16,"36":16,"37":16,"38":1,"39":1,"40":12,"41":12,"42":12,"43":12,"44":12,"45":1,"46":1,"47":4,"48":20,"49":20,"50":72,"51":16,"52":16,"53":16,"54":16,"55":16,"56":16,"57":72,"58":20,"59":20,"60":72,"61":8,"62":8,"63":72,"64":12,"65":12,"66":16,"67":16,"68":16,"69":0,"70":20,"71":20,"72":4,"73":4,"74":4,"75":1,"76":1},"branchMap":{"0":{"type":"branch","line":4,"loc":{"start":{"line":4,"column":15},"end":{"line":9,"column":28}},"locations":[{"start":{"line":4,"column":15},"end":{"line":9,"column":28}}]},"1":{"type":"branch","line":5,"loc":{"start":{"line":5,"column":-1},"end":{"line":5,"column":23}},"locations":[{"start":{"line":5,"column":-1},"end":{"line":5,"column":23}}]},"2":{"type":"branch","line":6,"loc":{"start":{"line":6,"column":-1},"end":{"line":6,"column":28}},"locations":[{"start":{"line":6,"column":-1},"end":{"line":6,"column":28}}]},"3":{"type":"branch","line":7,"loc":{"start":{"line":7,"column":-1},"end":{"line":7,"column":28}},"locations":[{"start":{"line":7,"column":-1},"end":{"line":7,"column":28}}]},"4":{"type":"branch","line":8,"loc":{"start":{"line":8,"column":-1},"end":{"line":8,"column":28}},"locations":[{"start":{"line":8,"column":-1},"end":{"line":8,"column":28}}]},"5":{"type":"branch","line":9,"loc":{"start":{"line":9,"column":-1},"end":{"line":9,"column":28}},"locations":[{"start":{"line":9,"column":-1},"end":{"line":9,"column":28}}]},"6":{"type":"branch","line":10,"loc":{"start":{"line":10,"column":14},"end":{"line":10,"column":72}},"locations":[{"start":{"line":10,"column":14},"end":{"line":10,"column":72}}]},"7":{"type":"branch","line":10,"loc":{"start":{"line":10,"column":52},"end":{"line":10,"column":72}},"locations":[{"start":{"line":10,"column":52},"end":{"line":10,"column":72}}]},"8":{"type":"branch","line":11,"loc":{"start":{"line":11,"column":16},"end":{"line":11,"column":74}},"locations":[{"start":{"line":11,"column":16},"end":{"line":11,"column":74}}]},"9":{"type":"branch","line":12,"loc":{"start":{"line":12,"column":16},"end":{"line":14,"column":30}},"locations":[{"start":{"line":12,"column":16},"end":{"line":14,"column":30}}]},"10":{"type":"branch","line":15,"loc":{"start":{"line":15,"column":18},"end":{"line":17,"column":31}},"locations":[{"start":{"line":15,"column":18},"end":{"line":17,"column":31}}]},"11":{"type":"branch","line":21,"loc":{"start":{"line":21,"column":15},"end":{"line":26,"column":4}},"locations":[{"start":{"line":21,"column":15},"end":{"line":26,"column":4}}]},"12":{"type":"branch","line":27,"loc":{"start":{"line":27,"column":17},"end":{"line":32,"column":4}},"locations":[{"start":{"line":27,"column":17},"end":{"line":32,"column":4}}]},"13":{"type":"branch","line":33,"loc":{"start":{"line":33,"column":17},"end":{"line":39,"column":4}},"locations":[{"start":{"line":33,"column":17},"end":{"line":39,"column":4}}]},"14":{"type":"branch","line":40,"loc":{"start":{"line":40,"column":19},"end":{"line":45,"column":5}},"locations":[{"start":{"line":40,"column":19},"end":{"line":45,"column":5}}]},"15":{"type":"branch","line":47,"loc":{"start":{"line":47,"column":25},"end":{"line":75,"column":2}},"locations":[{"start":{"line":47,"column":25},"end":{"line":75,"column":2}}]},"16":{"type":"branch","line":48,"loc":{"start":{"line":48,"column":15},"end":{"line":73,"column":3}},"locations":[{"start":{"line":48,"column":15},"end":{"line":73,"column":3}}]},"17":{"type":"branch","line":50,"loc":{"start":{"line":50,"column":35},"end":{"line":71,"column":5}},"locations":[{"start":{"line":50,"column":35},"end":{"line":71,"column":5}}]},"18":{"type":"branch","line":51,"loc":{"start":{"line":51,"column":58},"end":{"line":57,"column":7}},"locations":[{"start":{"line":51,"column":58},"end":{"line":57,"column":7}}]},"19":{"type":"branch","line":57,"loc":{"start":{"line":57,"column":6},"end":{"line":58,"column":57}},"locations":[{"start":{"line":57,"column":6},"end":{"line":58,"column":57}}]},"20":{"type":"branch","line":58,"loc":{"start":{"line":58,"column":57},"end":{"line":60,"column":7}},"locations":[{"start":{"line":58,"column":57},"end":{"line":60,"column":7}}]},"21":{"type":"branch","line":60,"loc":{"start":{"line":60,"column":6},"end":{"line":61,"column":59}},"locations":[{"start":{"line":60,"column":6},"end":{"line":61,"column":59}}]},"22":{"type":"branch","line":61,"loc":{"start":{"line":61,"column":59},"end":{"line":63,"column":7}},"locations":[{"start":{"line":61,"column":59},"end":{"line":63,"column":7}}]},"23":{"type":"branch","line":63,"loc":{"start":{"line":63,"column":6},"end":{"line":64,"column":61}},"locations":[{"start":{"line":63,"column":6},"end":{"line":64,"column":61}}]},"24":{"type":"branch","line":64,"loc":{"start":{"line":64,"column":61},"end":{"line":66,"column":7}},"locations":[{"start":{"line":64,"column":61},"end":{"line":66,"column":7}}]},"25":{"type":"branch","line":66,"loc":{"start":{"line":66,"column":6},"end":{"line":69,"column":7}},"locations":[{"start":{"line":66,"column":6},"end":{"line":69,"column":7}}]},"26":{"type":"branch","line":69,"loc":{"start":{"line":69,"column":6},"end":{"line":71,"column":5}},"locations":[{"start":{"line":69,"column":6},"end":{"line":71,"column":5}}]}},"b":{"0":[72],"1":[52],"2":[44],"3":[20],"4":[16],"5":[16],"6":[56],"7":[20],"8":[36],"9":[16],"10":[28],"11":[20],"12":[8],"13":[16],"14":[12],"15":[4],"16":[20],"17":[72],"18":[16],"19":[56],"20":[20],"21":[36],"22":[8],"23":[28],"24":[12],"25":[16],"26":[0]},"fnMap":{"0":{"name":"checkNested","decl":{"start":{"line":4,"column":15},"end":{"line":9,"column":28}},"loc":{"start":{"line":4,"column":15},"end":{"line":9,"column":28}},"line":4},"1":{"name":"checkAdded","decl":{"start":{"line":10,"column":14},"end":{"line":10,"column":72}},"loc":{"start":{"line":10,"column":14},"end":{"line":10,"column":72}},"line":10},"2":{"name":"checkRemoved","decl":{"start":{"line":11,"column":16},"end":{"line":11,"column":74}},"loc":{"start":{"line":11,"column":16},"end":{"line":11,"column":74}},"line":11},"3":{"name":"checkUpdated","decl":{"start":{"line":12,"column":16},"end":{"line":14,"column":30}},"loc":{"start":{"line":12,"column":16},"end":{"line":14,"column":30}},"line":12},"4":{"name":"checkUnchanged","decl":{"start":{"line":15,"column":18},"end":{"line":17,"column":31}},"loc":{"start":{"line":15,"column":18},"end":{"line":17,"column":31}},"line":15},"5":{"name":"createAdded","decl":{"start":{"line":21,"column":15},"end":{"line":26,"column":4}},"loc":{"start":{"line":21,"column":15},"end":{"line":26,"column":4}},"line":21},"6":{"name":"createRemoved","decl":{"start":{"line":27,"column":17},"end":{"line":32,"column":4}},"loc":{"start":{"line":27,"column":17},"end":{"line":32,"column":4}},"line":27},"7":{"name":"createUpdated","decl":{"start":{"line":33,"column":17},"end":{"line":39,"column":4}},"loc":{"start":{"line":33,"column":17},"end":{"line":39,"column":4}},"line":33},"8":{"name":"createUnchanged","decl":{"start":{"line":40,"column":19},"end":{"line":45,"column":5}},"loc":{"start":{"line":40,"column":19},"end":{"line":45,"column":5}},"line":40},"9":{"name":"createDiffObject","decl":{"start":{"line":47,"column":25},"end":{"line":75,"column":2}},"loc":{"start":{"line":47,"column":25},"end":{"line":75,"column":2}},"line":47},"10":{"name":"iter","decl":{"start":{"line":48,"column":15},"end":{"line":73,"column":3}},"loc":{"start":{"line":48,"column":15},"end":{"line":73,"column":3}},"line":48}},"f":{"0":72,"1":56,"2":36,"3":16,"4":28,"5":20,"6":8,"7":16,"8":12,"9":4,"10":20}}
,"/home/sergey/Coding/Hexlet/frontend-bootcamp-project-46/src/index.js": {"path":"/home/sergey/Coding/Hexlet/frontend-bootcamp-project-46/src/index.js","all":false,"statementMap":{"0":{"start":{"line":1,"column":0},"end":{"line":1,"column":37}},"1":{"start":{"line":2,"column":0},"end":{"line":2,"column":47}},"2":{"start":{"line":3,"column":0},"end":{"line":3,"column":52}},"3":{"start":{"line":4,"column":0},"end":{"line":4,"column":0}},"4":{"start":{"line":5,"column":0},"end":{"line":5,"column":51}},"5":{"start":{"line":6,"column":0},"end":{"line":6,"column":39}},"6":{"start":{"line":7,"column":0},"end":{"line":7,"column":39}},"7":{"start":{"line":8,"column":0},"end":{"line":8,"column":56}},"8":{"start":{"line":9,"column":0},"end":{"line":9,"column":62}},"9":{"start":{"line":10,"column":0},"end":{"line":10,"column":25}},"10":{"start":{"line":11,"column":0},"end":{"line":11,"column":2}},"11":{"start":{"line":12,"column":0},"end":{"line":12,"column":0}},"12":{"start":{"line":13,"column":0},"end":{"line":13,"column":23}}},"s":{"0":1,"1":1,"2":1,"3":1,"4":1,"5":4,"6":4,"7":4,"8":4,"9":4,"10":4,"11":1,"12":1},"branchMap":{"0":{"type":"branch","line":5,"loc":{"start":{"line":5,"column":16},"end":{"line":11,"column":2}},"locations":[{"start":{"line":5,"column":16},"end":{"line":11,"column":2}}]}},"b":{"0":[4]},"fnMap":{"0":{"name":"genDiff","decl":{"start":{"line":5,"column":16},"end":{"line":11,"column":2}},"loc":{"start":{"line":5,"column":16},"end":{"line":11,"column":2}},"line":5}},"f":{"0":4}}
,"/home/sergey/Coding/Hexlet/frontend-bootcamp-project-46/src/parsers.js": {"path":"/home/sergey/Coding/Hexlet/frontend-bootcamp-project-46/src/parsers.js","all":false,"statementMap":{"0":{"start":{"line":1,"column":0},"end":{"line":1,"column":25}},"1":{"start":{"line":2,"column":0},"end":{"line":2,"column":29}},"2":{"start":{"line":3,"column":0},"end":{"line":3,"column":27}},"3":{"start":{"line":4,"column":0},"end":{"line":4,"column":0}},"4":{"start":{"line":5,"column":0},"end":{"line":5,"column":33}},"5":{"start":{"line":6,"column":0},"end":{"line":6,"column":43}},"6":{"start":{"line":7,"column":0},"end":{"line":7,"column":43}},"7":{"start":{"line":8,"column":0},"end":{"line":8,"column":23}},"8":{"start":{"line":9,"column":0},"end":{"line":9,"column":2}},"9":{"start":{"line":10,"column":0},"end":{"line":10,"column":0}},"10":{"start":{"line":11,"column":0},"end":{"line":11,"column":33}},"11":{"start":{"line":12,"column":0},"end":{"line":12,"column":43}},"12":{"start":{"line":13,"column":0},"end":{"line":13,"column":50}},"13":{"start":{"line":14,"column":0},"end":{"line":14,"column":23}},"14":{"start":{"line":15,"column":0},"end":{"line":15,"column":2}},"15":{"start":{"line":16,"column":0},"end":{"line":16,"column":0}},"16":{"start":{"line":17,"column":0},"end":{"line":17,"column":29}},"17":{"start":{"line":18,"column":0},"end":{"line":18,"column":38}},"18":{"start":{"line":19,"column":0},"end":{"line":19,"column":41}},"19":{"start":{"line":20,"column":0},"end":{"line":20,"column":28}},"20":{"start":{"line":21,"column":0},"end":{"line":21,"column":31}},"21":{"start":{"line":22,"column":0},"end":{"line":22,"column":3}},"22":{"start":{"line":23,"column":0},"end":{"line":23,"column":50}},"23":{"start":{"line":24,"column":0},"end":{"line":24,"column":31}},"24":{"start":{"line":25,"column":0},"end":{"line":25,"column":3}},"25":{"start":{"line":26,"column":0},"end":{"line":26,"column":46}},"26":{"start":{"line":27,"column":0},"end":{"line":27,"column":2}},"27":{"start":{"line":28,"column":0},"end":{"line":28,"column":0}},"28":{"start":{"line":29,"column":0},"end":{"line":29,"column":25}}},"s":{"0":1,"1":1,"2":1,"3":1,"4":1,"5":4,"6":4,"7":4,"8":4,"9":1,"10":1,"11":4,"12":4,"13":4,"14":4,"15":1,"16":1,"17":8,"18":8,"19":8,"20":4,"21":4,"22":8,"23":4,"24":4,"25":0,"26":0,"27":1,"28":1},"branchMap":{"0":{"type":"branch","line":5,"loc":{"start":{"line":5,"column":19},"end":{"line":9,"column":2}},"locations":[{"start":{"line":5,"column":19},"end":{"line":9,"column":2}}]},"1":{"type":"branch","line":11,"loc":{"start":{"line":11,"column":19},"end":{"line":15,"column":2}},"locations":[{"start":{"line":11,"column":19},"end":{"line":15,"column":2}}]},"2":{"type":"branch","line":17,"loc":{"start":{"line":17,"column":19},"end":{"line":27,"column":2}},"locations":[{"start":{"line":17,"column":19},"end":{"line":27,"column":2}}]},"3":{"type":"branch","line":20,"loc":{"start":{"line":20,"column":27},"end":{"line":23,"column":29}},"locations":[{"start":{"line":20,"column":27},"end":{"line":23,"column":29}}]},"4":{"type":"branch","line":23,"loc":{"start":{"line":23,"column":25},"end":{"line":23,"column":47}},"locations":[{"start":{"line":23,"column":25},"end":{"line":23,"column":47}}]},"5":{"type":"branch","line":23,"loc":{"start":{"line":23,"column":49},"end":{"line":25,"column":3}},"locations":[{"start":{"line":23,"column":49},"end":{"line":25,"column":3}}]},"6":{"type":"branch","line":25,"loc":{"start":{"line":25,"column":2},"end":{"line":27,"column":2}},"locations":[{"start":{"line":25,"column":2},"end":{"line":27,"column":2}}]}},"b":{"0":[4],"1":[4],"2":[8],"3":[4],"4":[0],"5":[4],"6":[0]},"fnMap":{"0":{"name":"parseJSON","decl":{"start":{"line":5,"column":19},"end":{"line":9,"column":2}},"loc":{"start":{"line":5,"column":19},"end":{"line":9,"column":2}},"line":5},"1":{"name":"parseYaml","decl":{"start":{"line":11,"column":19},"end":{"line":15,"column":2}},"loc":{"start":{"line":11,"column":19},"end":{"line":15,"column":2}},"line":11},"2":{"name":"parseFile","decl":{"start":{"line":17,"column":19},"end":{"line":27,"column":2}},"loc":{"start":{"line":17,"column":19},"end":{"line":27,"column":2}},"line":17}},"f":{"0":4,"1":4,"2":8}}
,"/home/sergey/Coding/Hexlet/frontend-bootcamp-project-46/src/formatters/index.js": {"path":"/home/sergey/Coding/Hexlet/frontend-bootcamp-project-46/src/formatters/index.js","all":false,"statementMap":{"0":{"start":{"line":1,"column":0},"end":{"line":1,"column":35}},"1":{"start":{"line":2,"column":0},"end":{"line":2,"column":43}},"2":{"start":{"line":3,"column":0},"end":{"line":3,"column":35}},"3":{"start":{"line":4,"column":0},"end":{"line":4,"column":29}},"4":{"start":{"line":5,"column":0},"end":{"line":5,"column":0}},"5":{"start":{"line":6,"column":0},"end":{"line":6,"column":49}},"6":{"start":{"line":7,"column":0},"end":{"line":7,"column":29}},"7":{"start":{"line":8,"column":0},"end":{"line":8,"column":31}},"8":{"start":{"line":9,"column":0},"end":{"line":9,"column":3}},"9":{"start":{"line":10,"column":0},"end":{"line":10,"column":27}},"10":{"start":{"line":11,"column":0},"end":{"line":11,"column":33}},"11":{"start":{"line":12,"column":0},"end":{"line":12,"column":3}},"12":{"start":{"line":13,"column":0},"end":{"line":13,"column":26}},"13":{"start":{"line":14,"column":0},"end":{"line":14,"column":28}},"14":{"start":{"line":15,"column":0},"end":{"line":15,"column":3}},"15":{"start":{"line":16,"column":0},"end":{"line":16,"column":33}},"16":{"start":{"line":17,"column":0},"end":{"line":17,"column":35}},"17":{"start":{"line":18,"column":0},"end":{"line":18,"column":3}},"18":{"start":{"line":19,"column":0},"end":{"line":19,"column":0}},"19":{"start":{"line":20,"column":0},"end":{"line":20,"column":38}},"20":{"start":{"line":21,"column":0},"end":{"line":21,"column":2}},"21":{"start":{"line":22,"column":0},"end":{"line":22,"column":0}},"22":{"start":{"line":23,"column":0},"end":{"line":23,"column":31}}},"s":{"0":1,"1":1,"2":1,"3":1,"4":1,"5":1,"6":4,"7":2,"8":2,"9":2,"10":2,"11":2,"12":0,"13":0,"14":0,"15":0,"16":0,"17":0,"18":0,"19":0,"20":0,"21":1,"22":1},"branchMap":{"0":{"type":"branch","line":6,"loc":{"start":{"line":6,"column":24},"end":{"line":21,"column":2}},"locations":[{"start":{"line":6,"column":24},"end":{"line":21,"column":2}}]},"1":{"type":"branch","line":7,"loc":{"start":{"line":7,"column":28},"end":{"line":12,"column":3}},"locations":[{"start":{"line":7,"column":28},"end":{"line":12,"column":3}}]},"2":{"type":"branch","line":12,"loc":{"start":{"line":12,"column":2},"end":{"line":21,"column":2}},"locations":[{"start":{"line":12,"column":2},"end":{"line":21,"column":2}}]}},"b":{"0":[4],"1":[2],"2":[0]},"fnMap":{"0":{"name":"chooseFormatter","decl":{"start":{"line":6,"column":24},"end":{"line":21,"column":2}},"loc":{"start":{"line":6,"column":24},"end":{"line":21,"column":2}},"line":6}},"f":{"0":4}}
,"/home/sergey/Coding/Hexlet/frontend-bootcamp-project-46/src/formatters/json.js": {"path":"/home/sergey/Coding/Hexlet/frontend-bootcamp-project-46/src/formatters/json.js","all":false,"statementMap":{"0":{"start":{"line":1,"column":0},"end":{"line":1,"column":56}},"1":{"start":{"line":2,"column":0},"end":{"line":2,"column":0}},"2":{"start":{"line":3,"column":0},"end":{"line":3,"column":20}}},"s":{"0":1,"1":1,"2":1},"branchMap":{},"b":{},"fnMap":{"0":{"name":"json","decl":{"start":{"line":1,"column":14},"end":{"line":1,"column":55}},"loc":{"start":{"line":1,"column":14},"end":{"line":1,"column":55}},"line":1}},"f":{"0":0}}
,"/home/sergey/Coding/Hexlet/frontend-bootcamp-project-46/src/formatters/plain.js": {"path":"/home/sergey/Coding/Hexlet/frontend-bootcamp-project-46/src/formatters/plain.js","all":false,"statementMap":{"0":{"start":{"line":1,"column":0},"end":{"line":1,"column":23}},"1":{"start":{"line":2,"column":0},"end":{"line":2,"column":0}},"2":{"start":{"line":3,"column":0},"end":{"line":3,"column":30}},"3":{"start":{"line":4,"column":0},"end":{"line":4,"column":26}},"4":{"start":{"line":5,"column":0},"end":{"line":5,"column":29}},"5":{"start":{"line":6,"column":0},"end":{"line":6,"column":3}},"6":{"start":{"line":7,"column":0},"end":{"line":7,"column":26}},"7":{"start":{"line":8,"column":0},"end":{"line":8,"column":24}},"8":{"start":{"line":9,"column":0},"end":{"line":9,"column":3}},"9":{"start":{"line":10,"column":0},"end":{"line":10,"column":20}},"10":{"start":{"line":11,"column":0},"end":{"line":11,"column":2}},"11":{"start":{"line":12,"column":0},"end":{"line":12,"column":0}},"12":{"start":{"line":13,"column":0},"end":{"line":13,"column":46}},"13":{"start":{"line":14,"column":0},"end":{"line":14,"column":42}},"14":{"start":{"line":15,"column":0},"end":{"line":15,"column":32}},"15":{"start":{"line":16,"column":0},"end":{"line":16,"column":93}},"16":{"start":{"line":17,"column":0},"end":{"line":17,"column":5}},"17":{"start":{"line":18,"column":0},"end":{"line":18,"column":34}},"18":{"start":{"line":19,"column":0},"end":{"line":19,"column":58}},"19":{"start":{"line":20,"column":0},"end":{"line":20,"column":5}},"20":{"start":{"line":21,"column":0},"end":{"line":21,"column":36}},"21":{"start":{"line":22,"column":0},"end":{"line":22,"column":18}},"22":{"start":{"line":23,"column":0},"end":{"line":23,"column":5}},"23":{"start":{"line":24,"column":0},"end":{"line":24,"column":34}},"24":{"start":{"line":25,"column":0},"end":{"line":25,"column":75}},"25":{"start":{"line":26,"column":0},"end":{"line":26,"column":22}},"26":{"start":{"line":27,"column":0},"end":{"line":27,"column":41}},"27":{"start":{"line":28,"column":0},"end":{"line":28,"column":5}},"28":{"start":{"line":29,"column":0},"end":{"line":29,"column":33}},"29":{"start":{"line":30,"column":0},"end":{"line":30,"column":62}},"30":{"start":{"line":31,"column":0},"end":{"line":31,"column":5}},"31":{"start":{"line":32,"column":0},"end":{"line":32,"column":16}},"32":{"start":{"line":33,"column":0},"end":{"line":33,"column":5}},"33":{"start":{"line":34,"column":0},"end":{"line":34,"column":70}},"34":{"start":{"line":35,"column":0},"end":{"line":35,"column":0}},"35":{"start":{"line":36,"column":0},"end":{"line":36,"column":32}},"36":{"start":{"line":37,"column":0},"end":{"line":37,"column":2}},"37":{"start":{"line":38,"column":0},"end":{"line":38,"column":0}},"38":{"start":{"line":39,"column":0},"end":{"line":39,"column":25}}},"s":{"0":1,"1":1,"2":1,"3":26,"4":6,"5":6,"6":26,"7":14,"8":14,"9":6,"10":6,"11":1,"12":1,"13":10,"14":36,"15":10,"16":10,"17":36,"18":4,"19":4,"20":36,"21":6,"22":6,"23":36,"24":8,"25":8,"26":8,"27":8,"28":8,"29":8,"30":8,"31":0,"32":10,"33":10,"34":10,"35":10,"36":10,"37":1,"38":1},"branchMap":{"0":{"type":"branch","line":3,"loc":{"start":{"line":3,"column":19},"end":{"line":11,"column":2}},"locations":[{"start":{"line":3,"column":19},"end":{"line":11,"column":2}}]},"1":{"type":"branch","line":4,"loc":{"start":{"line":4,"column":25},"end":{"line":6,"column":3}},"locations":[{"start":{"line":4,"column":25},"end":{"line":6,"column":3}}]},"2":{"type":"branch","line":6,"loc":{"start":{"line":6,"column":2},"end":{"line":7,"column":25}},"locations":[{"start":{"line":6,"column":2},"end":{"line":7,"column":25}}]},"3":{"type":"branch","line":7,"loc":{"start":{"line":7,"column":25},"end":{"line":9,"column":3}},"locations":[{"start":{"line":7,"column":25},"end":{"line":9,"column":3}}]},"4":{"type":"branch","line":9,"loc":{"start":{"line":9,"column":2},"end":{"line":11,"column":2}},"locations":[{"start":{"line":9,"column":2},"end":{"line":11,"column":2}}]},"5":{"type":"branch","line":13,"loc":{"start":{"line":13,"column":18},"end":{"line":37,"column":2}},"locations":[{"start":{"line":13,"column":18},"end":{"line":37,"column":2}}]},"6":{"type":"branch","line":14,"loc":{"start":{"line":14,"column":32},"end":{"line":33,"column":3}},"locations":[{"start":{"line":14,"column":32},"end":{"line":33,"column":3}}]},"7":{"type":"branch","line":15,"loc":{"start":{"line":15,"column":31},"end":{"line":17,"column":5}},"locations":[{"start":{"line":15,"column":31},"end":{"line":17,"column":5}}]},"8":{"type":"branch","line":17,"loc":{"start":{"line":17,"column":4},"end":{"line":18,"column":33}},"locations":[{"start":{"line":17,"column":4},"end":{"line":18,"column":33}}]},"9":{"type":"branch","line":18,"loc":{"start":{"line":18,"column":33},"end":{"line":20,"column":5}},"locations":[{"start":{"line":18,"column":33},"end":{"line":20,"column":5}}]},"10":{"type":"branch","line":20,"loc":{"start":{"line":20,"column":4},"end":{"line":21,"column":35}},"locations":[{"start":{"line":20,"column":4},"end":{"line":21,"column":35}}]},"11":{"type":"branch","line":21,"loc":{"start":{"line":21,"column":35},"end":{"line":23,"column":5}},"locations":[{"start":{"line":21,"column":35},"end":{"line":23,"column":5}}]},"12":{"type":"branch","line":23,"loc":{"start":{"line":23,"column":4},"end":{"line":24,"column":33}},"locations":[{"start":{"line":23,"column":4},"end":{"line":24,"column":33}}]},"13":{"type":"branch","line":24,"loc":{"start":{"line":24,"column":33},"end":{"line":31,"column":5}},"locations":[{"start":{"line":24,"column":33},"end":{"line":31,"column":5}}]},"14":{"type":"branch","line":31,"loc":{"start":{"line":31,"column":4},"end":{"line":33,"column":3}},"locations":[{"start":{"line":31,"column":4},"end":{"line":33,"column":3}}]},"15":{"type":"branch","line":34,"loc":{"start":{"line":34,"column":32},"end":{"line":34,"column":45}},"locations":[{"start":{"line":34,"column":32},"end":{"line":34,"column":45}}]},"16":{"type":"branch","line":34,"loc":{"start":{"line":34,"column":55},"end":{"line":34,"column":68}},"locations":[{"start":{"line":34,"column":55},"end":{"line":34,"column":68}}]}},"b":{"0":[26],"1":[6],"2":[20],"3":[14],"4":[6],"5":[10],"6":[36],"7":[10],"8":[26],"9":[4],"10":[22],"11":[6],"12":[16],"13":[8],"14":[0],"15":[36],"16":[36]},"fnMap":{"0":{"name":"stringify","decl":{"start":{"line":3,"column":19},"end":{"line":11,"column":2}},"loc":{"start":{"line":3,"column":19},"end":{"line":11,"column":2}},"line":3},"1":{"name":"plainText","decl":{"start":{"line":13,"column":18},"end":{"line":37,"column":2}},"loc":{"start":{"line":13,"column":18},"end":{"line":37,"column":2}},"line":13}},"f":{"0":26,"1":10}}
,"/home/sergey/Coding/Hexlet/frontend-bootcamp-project-46/src/formatters/stylish.js": {"path":"/home/sergey/Coding/Hexlet/frontend-bootcamp-project-46/src/formatters/stylish.js","all":false,"statementMap":{"0":{"start":{"line":1,"column":0},"end":{"line":1,"column":23}},"1":{"start":{"line":2,"column":0},"end":{"line":2,"column":0}},"2":{"start":{"line":3,"column":0},"end":{"line":3,"column":39}},"3":{"start":{"line":4,"column":0},"end":{"line":4,"column":30}},"4":{"start":{"line":5,"column":0},"end":{"line":5,"column":30}},"5":{"start":{"line":6,"column":0},"end":{"line":6,"column":18}},"6":{"start":{"line":7,"column":0},"end":{"line":7,"column":2}},"7":{"start":{"line":8,"column":0},"end":{"line":8,"column":0}},"8":{"start":{"line":9,"column":0},"end":{"line":9,"column":54}},"9":{"start":{"line":10,"column":0},"end":{"line":10,"column":27}},"10":{"start":{"line":11,"column":0},"end":{"line":11,"column":22}},"11":{"start":{"line":12,"column":0},"end":{"line":12,"column":3}},"12":{"start":{"line":13,"column":0},"end":{"line":13,"column":45}},"13":{"start":{"line":14,"column":0},"end":{"line":14,"column":53}},"14":{"start":{"line":15,"column":0},"end":{"line":15,"column":42}},"15":{"start":{"line":16,"column":0},"end":{"line":16,"column":86}},"16":{"start":{"line":17,"column":0},"end":{"line":17,"column":4}},"17":{"start":{"line":18,"column":0},"end":{"line":18,"column":69}},"18":{"start":{"line":19,"column":0},"end":{"line":19,"column":2}},"19":{"start":{"line":20,"column":0},"end":{"line":20,"column":0}},"20":{"start":{"line":21,"column":0},"end":{"line":21,"column":29}},"21":{"start":{"line":22,"column":0},"end":{"line":22,"column":56}},"22":{"start":{"line":23,"column":0},"end":{"line":23,"column":47}},"23":{"start":{"line":24,"column":0},"end":{"line":24,"column":55}},"24":{"start":{"line":25,"column":0},"end":{"line":25,"column":45}},"25":{"start":{"line":26,"column":0},"end":{"line":26,"column":35}},"26":{"start":{"line":27,"column":0},"end":{"line":27,"column":43}},"27":{"start":{"line":28,"column":0},"end":{"line":28,"column":87}},"28":{"start":{"line":29,"column":0},"end":{"line":29,"column":7}},"29":{"start":{"line":30,"column":0},"end":{"line":30,"column":34}},"30":{"start":{"line":31,"column":0},"end":{"line":31,"column":82}},"31":{"start":{"line":32,"column":0},"end":{"line":32,"column":21}},"32":{"start":{"line":33,"column":0},"end":{"line":33,"column":20}},"33":{"start":{"line":34,"column":0},"end":{"line":34,"column":12}},"34":{"start":{"line":35,"column":0},"end":{"line":35,"column":7}},"35":{"start":{"line":36,"column":0},"end":{"line":36,"column":36}},"36":{"start":{"line":37,"column":0},"end":{"line":37,"column":82}},"37":{"start":{"line":38,"column":0},"end":{"line":38,"column":21}},"38":{"start":{"line":39,"column":0},"end":{"line":39,"column":20}},"39":{"start":{"line":40,"column":0},"end":{"line":40,"column":12}},"40":{"start":{"line":41,"column":0},"end":{"line":41,"column":7}},"41":{"start":{"line":42,"column":0},"end":{"line":42,"column":38}},"42":{"start":{"line":43,"column":0},"end":{"line":43,"column":82}},"43":{"start":{"line":44,"column":0},"end":{"line":44,"column":21}},"44":{"start":{"line":45,"column":0},"end":{"line":45,"column":20}},"45":{"start":{"line":46,"column":0},"end":{"line":46,"column":12}},"46":{"start":{"line":47,"column":0},"end":{"line":47,"column":7}},"47":{"start":{"line":48,"column":0},"end":{"line":48,"column":36}},"48":{"start":{"line":49,"column":0},"end":{"line":49,"column":91}},"49":{"start":{"line":50,"column":0},"end":{"line":50,"column":24}},"50":{"start":{"line":51,"column":0},"end":{"line":51,"column":20}},"51":{"start":{"line":52,"column":0},"end":{"line":52,"column":87}},"52":{"start":{"line":53,"column":0},"end":{"line":53,"column":24}},"53":{"start":{"line":54,"column":0},"end":{"line":54,"column":20}},"54":{"start":{"line":55,"column":0},"end":{"line":55,"column":12}},"55":{"start":{"line":56,"column":0},"end":{"line":56,"column":7}},"56":{"start":{"line":57,"column":0},"end":{"line":57,"column":0}},"57":{"start":{"line":58,"column":0},"end":{"line":58,"column":20}},"58":{"start":{"line":59,"column":0},"end":{"line":59,"column":7}},"59":{"start":{"line":60,"column":0},"end":{"line":60,"column":72}},"60":{"start":{"line":61,"column":0},"end":{"line":61,"column":4}},"61":{"start":{"line":62,"column":0},"end":{"line":62,"column":25}},"62":{"start":{"line":63,"column":0},"end":{"line":63,"column":2}},"63":{"start":{"line":64,"column":0},"end":{"line":64,"column":0}},"64":{"start":{"line":65,"column":0},"end":{"line":65,"column":23}}},"s":{"0":1,"1":1,"2":1,"3":8,"4":8,"5":8,"6":8,"7":1,"8":1,"9":54,"10":40,"11":40,"12":14,"13":14,"14":14,"15":14,"16":14,"17":14,"18":14,"19":1,"20":1,"21":2,"22":10,"23":10,"24":10,"25":36,"26":8,"27":8,"28":8,"29":36,"30":10,"31":10,"32":10,"33":10,"34":10,"35":36,"36":4,"37":4,"38":4,"39":4,"40":4,"41":36,"42":6,"43":6,"44":6,"45":6,"46":6,"47":8,"48":8,"49":8,"50":8,"51":8,"52":8,"53":8,"54":8,"55":8,"56":0,"57":0,"58":10,"59":10,"60":2,"61":2,"62":2,"63":1,"64":1},"branchMap":{"0":{"type":"branch","line":3,"loc":{"start":{"line":3,"column":21},"end":{"line":7,"column":2}},"locations":[{"start":{"line":3,"column":21},"end":{"line":7,"column":2}}]},"1":{"type":"branch","line":9,"loc":{"start":{"line":9,"column":18},"end":{"line":19,"column":2}},"locations":[{"start":{"line":9,"column":18},"end":{"line":19,"column":2}}]},"2":{"type":"branch","line":10,"loc":{"start":{"line":10,"column":26},"end":{"line":12,"column":3}},"locations":[{"start":{"line":10,"column":26},"end":{"line":12,"column":3}}]},"3":{"type":"branch","line":12,"loc":{"start":{"line":12,"column":2},"end":{"line":19,"column":2}},"locations":[{"start":{"line":12,"column":2},"end":{"line":19,"column":2}}]},"4":{"type":"branch","line":16,"loc":{"start":{"line":16,"column":4},"end":{"line":16,"column":85}},"locations":[{"start":{"line":16,"column":4},"end":{"line":16,"column":85}}]},"5":{"type":"branch","line":21,"loc":{"start":{"line":21,"column":17},"end":{"line":63,"column":2}},"locations":[{"start":{"line":21,"column":17},"end":{"line":63,"column":2}}]},"6":{"type":"branch","line":22,"loc":{"start":{"line":22,"column":15},"end":{"line":61,"column":3}},"locations":[{"start":{"line":22,"column":15},"end":{"line":61,"column":3}}]},"7":{"type":"branch","line":25,"loc":{"start":{"line":25,"column":35},"end":{"line":59,"column":5}},"locations":[{"start":{"line":25,"column":35},"end":{"line":59,"column":5}}]},"8":{"type":"branch","line":26,"loc":{"start":{"line":26,"column":34},"end":{"line":29,"column":7}},"locations":[{"start":{"line":26,"column":34},"end":{"line":29,"column":7}}]},"9":{"type":"branch","line":29,"loc":{"start":{"line":29,"column":6},"end":{"line":30,"column":33}},"locations":[{"start":{"line":29,"column":6},"end":{"line":30,"column":33}}]},"10":{"type":"branch","line":30,"loc":{"start":{"line":30,"column":33},"end":{"line":35,"column":7}},"locations":[{"start":{"line":30,"column":33},"end":{"line":35,"column":7}}]},"11":{"type":"branch","line":35,"loc":{"start":{"line":35,"column":6},"end":{"line":36,"column":35}},"locations":[{"start":{"line":35,"column":6},"end":{"line":36,"column":35}}]},"12":{"type":"branch","line":36,"loc":{"start":{"line":36,"column":35},"end":{"line":41,"column":7}},"locations":[{"start":{"line":36,"column":35},"end":{"line":41,"column":7}}]},"13":{"type":"branch","line":41,"loc":{"start":{"line":41,"column":6},"end":{"line":42,"column":37}},"locations":[{"start":{"line":41,"column":6},"end":{"line":42,"column":37}}]},"14":{"type":"branch","line":42,"loc":{"start":{"line":42,"column":37},"end":{"line":47,"column":7}},"locations":[{"start":{"line":42,"column":37},"end":{"line":47,"column":7}}]},"15":{"type":"branch","line":47,"loc":{"start":{"line":47,"column":6},"end":{"line":56,"column":7}},"locations":[{"start":{"line":47,"column":6},"end":{"line":56,"column":7}}]},"16":{"type":"branch","line":56,"loc":{"start":{"line":56,"column":6},"end":{"line":59,"column":5}},"locations":[{"start":{"line":56,"column":6},"end":{"line":59,"column":5}}]}},"b":{"0":[8],"1":[54],"2":[40],"3":[14],"4":[18],"5":[2],"6":[10],"7":[36],"8":[8],"9":[28],"10":[10],"11":[18],"12":[4],"13":[14],"14":[6],"15":[8],"16":[0]},"fnMap":{"0":{"name":"getChildren","decl":{"start":{"line":3,"column":21},"end":{"line":7,"column":2}},"loc":{"start":{"line":3,"column":21},"end":{"line":7,"column":2}},"line":3},"1":{"name":"stringify","decl":{"start":{"line":9,"column":18},"end":{"line":19,"column":2}},"loc":{"start":{"line":9,"column":18},"end":{"line":19,"column":2}},"line":9},"2":{"name":"stylish","decl":{"start":{"line":21,"column":17},"end":{"line":63,"column":2}},"loc":{"start":{"line":21,"column":17},"end":{"line":63,"column":2}},"line":21},"3":{"name":"iter","decl":{"start":{"line":22,"column":15},"end":{"line":61,"column":3}},"loc":{"start":{"line":22,"column":15},"end":{"line":61,"column":3}},"line":22}},"f":{"0":8,"1":54,"2":2,"3":10}}
,"/home/sergey/Coding/Hexlet/frontend-bootcamp-project-46/src/formatters/stylishPlus.js": {"path":"/home/sergey/Coding/Hexlet/frontend-bootcamp-project-46/src/formatters/stylishPlus.js","all":false,"statementMap":{"0":{"start":{"line":1,"column":0},"end":{"line":1,"column":23}},"1":{"start":{"line":2,"column":0},"end":{"line":2,"column":42}},"2":{"start":{"line":3,"column":0},"end":{"line":3,"column":28}},"3":{"start":{"line":4,"column":0},"end":{"line":4,"column":0}},"4":{"start":{"line":5,"column":0},"end":{"line":5,"column":39}},"5":{"start":{"line":6,"column":0},"end":{"line":6,"column":30}},"6":{"start":{"line":7,"column":0},"end":{"line":7,"column":30}},"7":{"start":{"line":8,"column":0},"end":{"line":8,"column":18}},"8":{"start":{"line":9,"column":0},"end":{"line":9,"column":2}},"9":{"start":{"line":10,"column":0},"end":{"line":10,"column":0}},"10":{"start":{"line":11,"column":0},"end":{"line":11,"column":20}},"11":{"start":{"line":12,"column":0},"end":{"line":12,"column":88}},"12":{"start":{"line":13,"column":0},"end":{"line":13,"column":62}},"13":{"start":{"line":14,"column":0},"end":{"line":14,"column":64}},"14":{"start":{"line":15,"column":0},"end":{"line":15,"column":68}},"15":{"start":{"line":16,"column":0},"end":{"line":16,"column":69}},"16":{"start":{"line":17,"column":0},"end":{"line":17,"column":65}},"17":{"start":{"line":18,"column":0},"end":{"line":18,"column":52}},"18":{"start":{"line":19,"column":0},"end":{"line":19,"column":120}},"19":{"start":{"line":20,"column":0},"end":{"line":20,"column":2}},"20":{"start":{"line":21,"column":0},"end":{"line":21,"column":0}},"21":{"start":{"line":22,"column":0},"end":{"line":22,"column":54}},"22":{"start":{"line":23,"column":0},"end":{"line":23,"column":27}},"23":{"start":{"line":24,"column":0},"end":{"line":24,"column":22}},"24":{"start":{"line":25,"column":0},"end":{"line":25,"column":3}},"25":{"start":{"line":26,"column":0},"end":{"line":26,"column":45}},"26":{"start":{"line":27,"column":0},"end":{"line":27,"column":53}},"27":{"start":{"line":28,"column":0},"end":{"line":28,"column":42}},"28":{"start":{"line":29,"column":0},"end":{"line":29,"column":86}},"29":{"start":{"line":30,"column":0},"end":{"line":30,"column":4}},"30":{"start":{"line":31,"column":0},"end":{"line":31,"column":69}},"31":{"start":{"line":32,"column":0},"end":{"line":32,"column":2}},"32":{"start":{"line":33,"column":0},"end":{"line":33,"column":0}},"33":{"start":{"line":34,"column":0},"end":{"line":34,"column":31}},"34":{"start":{"line":35,"column":0},"end":{"line":35,"column":56}},"35":{"start":{"line":36,"column":0},"end":{"line":36,"column":47}},"36":{"start":{"line":37,"column":0},"end":{"line":37,"column":55}},"37":{"start":{"line":38,"column":0},"end":{"line":38,"column":45}},"38":{"start":{"line":39,"column":0},"end":{"line":39,"column":35}},"39":{"start":{"line":40,"column":0},"end":{"line":40,"column":43}},"40":{"start":{"line":41,"column":0},"end":{"line":41,"column":96}},"41":{"start":{"line":42,"column":0},"end":{"line":42,"column":7}},"42":{"start":{"line":43,"column":0},"end":{"line":43,"column":34}},"43":{"start":{"line":44,"column":0},"end":{"line":44,"column":82}},"44":{"start":{"line":45,"column":0},"end":{"line":45,"column":21}},"45":{"start":{"line":46,"column":0},"end":{"line":46,"column":20}},"46":{"start":{"line":47,"column":0},"end":{"line":47,"column":20}},"47":{"start":{"line":48,"column":0},"end":{"line":48,"column":7}},"48":{"start":{"line":49,"column":0},"end":{"line":49,"column":36}},"49":{"start":{"line":50,"column":0},"end":{"line":50,"column":82}},"50":{"start":{"line":51,"column":0},"end":{"line":51,"column":21}},"51":{"start":{"line":52,"column":0},"end":{"line":52,"column":20}},"52":{"start":{"line":53,"column":0},"end":{"line":53,"column":18}},"53":{"start":{"line":54,"column":0},"end":{"line":54,"column":7}},"54":{"start":{"line":55,"column":0},"end":{"line":55,"column":38}},"55":{"start":{"line":56,"column":0},"end":{"line":56,"column":82}},"56":{"start":{"line":57,"column":0},"end":{"line":57,"column":21}},"57":{"start":{"line":58,"column":0},"end":{"line":58,"column":20}},"58":{"start":{"line":59,"column":0},"end":{"line":59,"column":19}},"59":{"start":{"line":60,"column":0},"end":{"line":60,"column":7}},"60":{"start":{"line":61,"column":0},"end":{"line":61,"column":36}},"61":{"start":{"line":62,"column":0},"end":{"line":62,"column":91}},"62":{"start":{"line":63,"column":0},"end":{"line":63,"column":24}},"63":{"start":{"line":64,"column":0},"end":{"line":64,"column":20}},"64":{"start":{"line":65,"column":0},"end":{"line":65,"column":87}},"65":{"start":{"line":66,"column":0},"end":{"line":66,"column":24}},"66":{"start":{"line":67,"column":0},"end":{"line":67,"column":20}},"67":{"start":{"line":68,"column":0},"end":{"line":68,"column":22}},"68":{"start":{"line":69,"column":0},"end":{"line":69,"column":7}},"69":{"start":{"line":70,"column":0},"end":{"line":70,"column":0}},"70":{"start":{"line":71,"column":0},"end":{"line":71,"column":20}},"71":{"start":{"line":72,"column":0},"end":{"line":72,"column":7}},"72":{"start":{"line":73,"column":0},"end":{"line":73,"column":72}},"73":{"start":{"line":74,"column":0},"end":{"line":74,"column":4}},"74":{"start":{"line":75,"column":0},"end":{"line":75,"column":25}},"75":{"start":{"line":76,"column":0},"end":{"line":76,"column":2}},"76":{"start":{"line":77,"column":0},"end":{"line":77,"column":0}},"77":{"start":{"line":78,"column":0},"end":{"line":78,"column":33}},"78":{"start":{"line":79,"column":0},"end":{"line":79,"column":29}},"79":{"start":{"line":80,"column":0},"end":{"line":80,"column":42}},"80":{"start":{"line":81,"column":0},"end":{"line":81,"column":49}},"81":{"start":{"line":82,"column":0},"end":{"line":82,"column":2}},"82":{"start":{"line":83,"column":0},"end":{"line":83,"column":0}},"83":{"start":{"line":84,"column":0},"end":{"line":84,"column":27}}},"s":{"0":1,"1":1,"2":1,"3":1,"4":1,"5":0,"6":0,"7":0,"8":0,"9":1,"10":1,"11":0,"12":0,"13":0,"14":0,"15":0,"16":0,"17":0,"18":0,"19":0,"20":1,"21":1,"22":0,"23":0,"24":0,"25":0,"26":0,"27":0,"28":0,"29":0,"30":0,"31":0,"32":1,"33":1,"34":0,"35":0,"36":0,"37":0,"38":0,"39":0,"40":0,"41":0,"42":0,"43":0,"44":0,"45":0,"46":0,"47":0,"48":0,"49":0,"50":0,"51":0,"52":0,"53":0,"54":0,"55":0,"56":0,"57":0,"58":0,"59":0,"60":0,"61":0,"62":0,"63":0,"64":0,"65":0,"66":0,"67":0,"68":0,"69":0,"70":0,"71":0,"72":0,"73":0,"74":0,"75":0,"76":1,"77":1,"78":0,"79":0,"80":0,"81":0,"82":1,"83":1},"branchMap":{},"b":{},"fnMap":{"0":{"name":"getChildren","decl":{"start":{"line":5,"column":21},"end":{"line":9,"column":2}},"loc":{"start":{"line":5,"column":21},"end":{"line":9,"column":2}},"line":5},"1":{"name":"info","decl":{"start":{"line":11,"column":13},"end":{"line":20,"column":2}},"loc":{"start":{"line":11,"column":13},"end":{"line":20,"column":2}},"line":11},"2":{"name":"stringify","decl":{"start":{"line":22,"column":18},"end":{"line":32,"column":2}},"loc":{"start":{"line":22,"column":18},"end":{"line":32,"column":2}},"line":22},"3":{"name":"formatter","decl":{"start":{"line":34,"column":19},"end":{"line":76,"column":2}},"loc":{"start":{"line":34,"column":19},"end":{"line":76,"column":2}},"line":34},"4":{"name":"stylishPlus","decl":{"start":{"line":78,"column":21},"end":{"line":82,"column":2}},"loc":{"start":{"line":78,"column":21},"end":{"line":82,"column":2}},"line":78}},"f":{"0":0,"1":0,"2":0,"3":0,"4":0}}
}
