TN:
SF:src/diffObject.js
FN:4,checkNested
FN:10,checkAdded
FN:11,checkRemoved
FN:12,checkUpdated
FN:13,checkUnchanged
FN:17,createAdded
FN:23,createRemoved
FN:29,createUpdated
FN:36,createUnchanged
FN:43,createDiffObject
FN:45,iter
FNF:11
FNH:11
FNDA:120,checkNested
FNDA:104,checkAdded
FNDA:84,checkRemoved
FNDA:16,checkUpdated
FNDA:76,checkUnchanged
FNDA:20,createAdded
FNDA:8,createRemoved
FNDA:16,createUpdated
FNDA:60,createUnchanged
FNDA:6,createDiffObject
FNDA:22,iter
DA:1,1
DA:2,1
DA:3,1
DA:4,1
DA:5,100
DA:6,92
DA:7,20
DA:8,16
DA:9,1
DA:10,1
DA:11,1
DA:12,1
DA:13,1
DA:14,1
DA:15,1
DA:16,1
DA:17,1
DA:18,20
DA:19,20
DA:20,20
DA:21,20
DA:22,1
DA:23,1
DA:24,8
DA:25,8
DA:26,8
DA:27,8
DA:28,1
DA:29,1
DA:30,16
DA:31,16
DA:32,16
DA:33,16
DA:34,16
DA:35,1
DA:36,1
DA:37,60
DA:38,60
DA:39,60
DA:40,60
DA:41,60
DA:42,1
DA:43,1
DA:44,6
DA:45,6
DA:46,22
DA:47,22
DA:48,22
DA:49,120
DA:50,16
DA:51,16
DA:52,16
DA:53,16
DA:54,16
DA:55,16
DA:56,120
DA:57,20
DA:58,20
DA:59,120
DA:60,8
DA:61,8
DA:62,120
DA:63,60
DA:64,60
DA:65,16
DA:66,16
DA:67,16
DA:68,0
DA:69,22
DA:70,22
DA:71,6
DA:72,6
DA:73,6
DA:74,1
DA:75,1
LF:75
LH:74
BRDA:4,0,0,120
BRDA:5,1,0,100
BRDA:6,2,0,92
BRDA:7,3,0,20
BRDA:8,4,0,16
BRDA:9,5,0,16
BRDA:10,6,0,104
BRDA:10,7,0,20
BRDA:11,8,0,84
BRDA:12,9,0,16
BRDA:13,10,0,76
BRDA:17,11,0,20
BRDA:23,12,0,8
BRDA:29,13,0,16
BRDA:36,14,0,60
BRDA:43,15,0,6
BRDA:45,16,0,22
BRDA:48,17,0,120
BRDA:49,18,0,16
BRDA:55,19,0,104
BRDA:56,20,0,20
BRDA:58,21,0,84
BRDA:59,22,0,8
BRDA:61,23,0,76
BRDA:62,24,0,60
BRDA:64,25,0,16
BRDA:67,26,0,0
BRF:27
BRH:26
end_of_record
TN:
SF:src/index.js
FN:5,genDiff
FNF:1
FNH:1
FNDA:6,genDiff
DA:1,1
DA:2,1
DA:3,1
DA:4,1
DA:5,1
DA:6,6
DA:7,6
DA:8,6
DA:9,6
DA:10,6
DA:11,6
DA:12,1
DA:13,1
LF:13
LH:13
BRDA:5,0,0,6
BRF:1
BRH:1
end_of_record
TN:
SF:src/parsers.js
FN:5,parseJSON
FN:11,parseYaml
FN:17,parseFile
FNF:3
FNH:3
FNDA:4,parseJSON
FNDA:4,parseYaml
FNDA:12,parseFile
DA:1,1
DA:2,1
DA:3,1
DA:4,1
DA:5,1
DA:6,4
DA:7,4
DA:8,4
DA:9,4
DA:10,1
DA:11,1
DA:12,4
DA:13,4
DA:14,4
DA:15,4
DA:16,1
DA:17,1
DA:18,12
DA:19,12
DA:20,12
DA:21,4
DA:22,4
DA:23,12
DA:24,4
DA:25,4
DA:26,4
DA:27,4
DA:28,1
DA:29,1
LF:29
LH:29
BRDA:5,0,0,4
BRDA:11,1,0,4
BRDA:17,2,0,12
BRDA:20,3,0,4
BRDA:22,4,0,8
BRDA:23,5,0,4
BRDA:23,6,0,4
BRF:7
BRH:7
end_of_record
TN:
SF:src/formatters/index.js
FN:6,chooseFormatter
FNF:1
FNH:1
FNDA:6,chooseFormatter
DA:1,1
DA:2,1
DA:3,1
DA:4,1
DA:5,1
DA:6,1
DA:7,6
DA:8,3
DA:9,3
DA:10,6
DA:11,0
DA:12,0
DA:13,6
DA:14,0
DA:15,0
DA:16,6
DA:17,2
DA:18,2
DA:19,1
DA:20,1
DA:21,1
DA:22,1
LF:22
LH:18
BRDA:6,0,0,6
BRDA:7,1,0,3
BRDA:10,2,0,0
BRDA:12,3,0,3
BRDA:13,4,0,0
BRDA:15,5,0,3
BRDA:16,6,0,2
BRDA:18,7,0,1
BRF:8
BRH:6
end_of_record
TN:
SF:src/formatters/json.js
FN:2,json
FNF:1
FNH:0
FNDA:0,json
DA:1,1
DA:2,1
DA:3,0
DA:4,0
DA:5,0
DA:6,0
DA:7,1
DA:8,1
LF:8
LH:4
BRF:0
BRH:0
end_of_record
TN:
SF:src/formatters/plain.js
FN:3,stringify
FN:13,plainText
FNF:2
FNH:2
FNDA:26,stringify
FNDA:11,plainText
DA:1,1
DA:2,1
DA:3,1
DA:4,26
DA:5,6
DA:6,6
DA:7,26
DA:8,14
DA:9,14
DA:10,6
DA:11,6
DA:12,1
DA:13,1
DA:14,11
DA:15,60
DA:16,10
DA:17,10
DA:18,60
DA:19,4
DA:20,4
DA:21,60
DA:22,30
DA:23,30
DA:24,60
DA:25,8
DA:26,8
DA:27,8
DA:28,8
DA:29,8
DA:30,8
DA:31,8
DA:32,0
DA:33,11
DA:34,11
DA:35,11
DA:36,11
DA:37,11
DA:38,1
DA:39,1
LF:39
LH:38
BRDA:3,0,0,26
BRDA:4,1,0,6
BRDA:6,2,0,20
BRDA:7,3,0,14
BRDA:9,4,0,6
BRDA:13,5,0,11
BRDA:14,6,0,60
BRDA:15,7,0,10
BRDA:17,8,0,50
BRDA:18,9,0,4
BRDA:20,10,0,46
BRDA:21,11,0,30
BRDA:23,12,0,16
BRDA:24,13,0,8
BRDA:31,14,0,0
BRDA:34,15,0,60
BRDA:34,16,0,60
BRF:17
BRH:16
end_of_record
TN:
SF:src/formatters/stylish.js
FN:3,getChildren
FN:9,stringify
FN:21,stylish
FN:22,iter
FNF:4
FNH:4
FNDA:8,getChildren
FNDA:54,stringify
FNDA:2,stylish
FNDA:10,iter
DA:1,1
DA:2,1
DA:3,1
DA:4,8
DA:5,8
DA:6,8
DA:7,8
DA:8,1
DA:9,1
DA:10,54
DA:11,40
DA:12,40
DA:13,14
DA:14,14
DA:15,14
DA:16,14
DA:17,14
DA:18,14
DA:19,14
DA:20,1
DA:21,1
DA:22,2
DA:23,10
DA:24,10
DA:25,10
DA:26,10
DA:27,36
DA:28,8
DA:29,8
DA:30,8
DA:31,36
DA:32,10
DA:33,10
DA:34,10
DA:35,10
DA:36,10
DA:37,36
DA:38,4
DA:39,4
DA:40,4
DA:41,4
DA:42,4
DA:43,36
DA:44,6
DA:45,6
DA:46,6
DA:47,6
DA:48,6
DA:49,8
DA:50,8
DA:51,8
DA:52,8
DA:53,8
DA:54,8
DA:55,8
DA:56,8
DA:57,8
DA:58,0
DA:59,0
DA:60,10
DA:61,10
DA:62,2
DA:63,2
DA:64,2
DA:65,1
DA:66,1
LF:66
LH:64
BRDA:3,0,0,8
BRDA:9,1,0,54
BRDA:10,2,0,40
BRDA:12,3,0,14
BRDA:16,4,0,18
BRDA:21,5,0,2
BRDA:22,6,0,10
BRDA:26,7,0,36
BRDA:27,8,0,8
BRDA:30,9,0,28
BRDA:31,10,0,10
BRDA:36,11,0,18
BRDA:37,12,0,4
BRDA:42,13,0,14
BRDA:43,14,0,6
BRDA:48,15,0,8
BRDA:57,16,0,0
BRF:17
BRH:16
end_of_record
TN:
SF:src/formatters/stylishPlus.js
FN:4,getChildren
FN:11,info
FN:22,stringify
FN:34,formatter
FN:81,stylishPlus
FNF:5
FNH:0
FNDA:0,getChildren
FNDA:0,info
FNDA:0,stringify
FNDA:0,formatter
FNDA:0,stylishPlus
DA:1,1
DA:2,1
DA:3,1
DA:4,1
DA:5,0
DA:6,0
DA:7,0
DA:8,0
DA:9,1
DA:10,1
DA:11,1
DA:12,0
DA:13,0
DA:14,0
DA:15,0
DA:16,0
DA:17,0
DA:18,0
DA:19,0
DA:20,0
DA:21,1
DA:22,1
DA:23,0
DA:24,0
DA:25,0
DA:26,0
DA:27,0
DA:28,0
DA:29,0
DA:30,0
DA:31,0
DA:32,0
DA:33,1
DA:34,1
DA:35,0
DA:36,0
DA:37,0
DA:38,0
DA:39,0
DA:40,0
DA:41,0
DA:42,0
DA:43,0
DA:44,0
DA:45,0
DA:46,0
DA:47,0
DA:48,0
DA:49,0
DA:50,0
DA:51,0
DA:52,0
DA:53,0
DA:54,0
DA:55,0
DA:56,0
DA:57,0
DA:58,0
DA:59,0
DA:60,0
DA:61,0
DA:62,0
DA:63,0
DA:64,0
DA:65,0
DA:66,0
DA:67,0
DA:68,0
DA:69,0
DA:70,0
DA:71,0
DA:72,0
DA:73,0
DA:74,0
DA:75,0
DA:76,0
DA:77,0
DA:78,0
DA:79,0
DA:80,1
DA:81,1
DA:82,0
DA:83,0
DA:84,0
DA:85,0
DA:86,1
DA:87,1
LF:87
LH:15
BRF:0
BRH:0
end_of_record
