TN:
SF:src/diffObject.js
FN:4,checkNested
FN:10,checkAdded
FN:11,checkRemoved
FN:12,checkUpdated
FN:15,checkUnchanged
FN:21,createAdded
FN:27,createRemoved
FN:33,createUpdated
FN:40,createUnchanged
FN:47,createDiffObject
FN:48,iter
FNF:11
FNH:11
FNDA:72,checkNested
FNDA:56,checkAdded
FNDA:36,checkRemoved
FNDA:16,checkUpdated
FNDA:28,checkUnchanged
FNDA:20,createAdded
FNDA:8,createRemoved
FNDA:16,createUpdated
FNDA:12,createUnchanged
FNDA:4,createDiffObject
FNDA:20,iter
DA:1,1
DA:2,1
DA:3,1
DA:4,1
DA:5,52
DA:6,44
DA:7,20
DA:8,16
DA:9,1
DA:10,1
DA:11,1
DA:12,1
DA:13,16
DA:14,1
DA:15,1
DA:16,28
DA:17,28
DA:18,1
DA:19,1
DA:20,1
DA:21,1
DA:22,20
DA:23,20
DA:24,20
DA:25,20
DA:26,1
DA:27,1
DA:28,8
DA:29,8
DA:30,8
DA:31,8
DA:32,1
DA:33,1
DA:34,16
DA:35,16
DA:36,16
DA:37,16
DA:38,16
DA:39,1
DA:40,1
DA:41,12
DA:42,12
DA:43,12
DA:44,12
DA:45,12
DA:46,1
DA:47,1
DA:48,4
DA:49,20
DA:50,20
DA:51,72
DA:52,16
DA:53,16
DA:54,16
DA:55,16
DA:56,16
DA:57,16
DA:58,72
DA:59,20
DA:60,20
DA:61,72
DA:62,8
DA:63,8
DA:64,72
DA:65,12
DA:66,12
DA:67,16
DA:68,16
DA:69,16
DA:70,0
DA:71,20
DA:72,20
DA:73,4
DA:74,4
DA:75,4
DA:76,1
DA:77,1
LF:77
LH:76
BRDA:4,0,0,72
BRDA:5,1,0,52
BRDA:6,2,0,44
BRDA:7,3,0,20
BRDA:8,4,0,16
BRDA:9,5,0,16
BRDA:10,6,0,56
BRDA:10,7,0,20
BRDA:11,8,0,36
BRDA:12,9,0,16
BRDA:15,10,0,28
BRDA:21,11,0,20
BRDA:27,12,0,8
BRDA:33,13,0,16
BRDA:40,14,0,12
BRDA:47,15,0,4
BRDA:48,16,0,20
BRDA:50,17,0,72
BRDA:51,18,0,16
BRDA:57,19,0,56
BRDA:58,20,0,20
BRDA:60,21,0,36
BRDA:61,22,0,8
BRDA:63,23,0,28
BRDA:64,24,0,12
BRDA:66,25,0,16
BRDA:69,26,0,0
BRF:27
BRH:26
end_of_record
TN:
SF:src/index.js
FN:5,genDiff
FNF:1
FNH:1
FNDA:4,genDiff
DA:1,1
DA:2,1
DA:3,1
DA:4,1
DA:5,1
DA:6,4
DA:7,4
DA:8,4
DA:9,4
DA:10,4
DA:11,4
DA:12,1
DA:13,1
LF:13
LH:13
BRDA:5,0,0,4
BRF:1
BRH:1
end_of_record
TN:
SF:src/parsers.js
FN:5,parseJSON
FN:11,parseYaml
FN:17,parseFile
FNF:3
FNH:3
FNDA:4,parseJSON
FNDA:4,parseYaml
FNDA:8,parseFile
DA:1,1
DA:2,1
DA:3,1
DA:4,1
DA:5,1
DA:6,4
DA:7,4
DA:8,4
DA:9,4
DA:10,1
DA:11,1
DA:12,4
DA:13,4
DA:14,4
DA:15,4
DA:16,1
DA:17,1
DA:18,8
DA:19,8
DA:20,8
DA:21,4
DA:22,4
DA:23,8
DA:24,4
DA:25,4
DA:26,0
DA:27,0
DA:28,1
DA:29,1
LF:29
LH:27
BRDA:5,0,0,4
BRDA:11,1,0,4
BRDA:17,2,0,8
BRDA:20,3,0,4
BRDA:23,4,0,0
BRDA:23,5,0,4
BRDA:25,6,0,0
BRF:7
BRH:5
end_of_record
TN:
SF:src/formatters/index.js
FN:6,chooseFormatter
FNF:1
FNH:1
FNDA:4,chooseFormatter
DA:1,1
DA:2,1
DA:3,1
DA:4,1
DA:5,1
DA:6,1
DA:7,4
DA:8,2
DA:9,2
DA:10,2
DA:11,2
DA:12,2
DA:13,0
DA:14,0
DA:15,0
DA:16,0
DA:17,0
DA:18,0
DA:19,0
DA:20,0
DA:21,0
DA:22,1
DA:23,1
LF:23
LH:14
BRDA:6,0,0,4
BRDA:7,1,0,2
BRDA:12,2,0,0
BRF:3
BRH:2
end_of_record
TN:
SF:src/formatters/json.js
FN:1,json
FNF:1
FNH:0
FNDA:0,json
DA:1,1
DA:2,1
DA:3,1
LF:3
LH:3
BRF:0
BRH:0
end_of_record
TN:
SF:src/formatters/plain.js
FN:3,stringify
FN:13,plainText
FNF:2
FNH:2
FNDA:26,stringify
FNDA:10,plainText
DA:1,1
DA:2,1
DA:3,1
DA:4,26
DA:5,6
DA:6,6
DA:7,26
DA:8,14
DA:9,14
DA:10,6
DA:11,6
DA:12,1
DA:13,1
DA:14,10
DA:15,36
DA:16,10
DA:17,10
DA:18,36
DA:19,4
DA:20,4
DA:21,36
DA:22,6
DA:23,6
DA:24,36
DA:25,8
DA:26,8
DA:27,8
DA:28,8
DA:29,8
DA:30,8
DA:31,8
DA:32,0
DA:33,10
DA:34,10
DA:35,10
DA:36,10
DA:37,10
DA:38,1
DA:39,1
LF:39
LH:38
BRDA:3,0,0,26
BRDA:4,1,0,6
BRDA:6,2,0,20
BRDA:7,3,0,14
BRDA:9,4,0,6
BRDA:13,5,0,10
BRDA:14,6,0,36
BRDA:15,7,0,10
BRDA:17,8,0,26
BRDA:18,9,0,4
BRDA:20,10,0,22
BRDA:21,11,0,6
BRDA:23,12,0,16
BRDA:24,13,0,8
BRDA:31,14,0,0
BRDA:34,15,0,36
BRDA:34,16,0,36
BRF:17
BRH:16
end_of_record
TN:
SF:src/formatters/stylish.js
FN:3,getChildren
FN:9,stringify
FN:21,stylish
FN:22,iter
FNF:4
FNH:4
FNDA:8,getChildren
FNDA:54,stringify
FNDA:2,stylish
FNDA:10,iter
DA:1,1
DA:2,1
DA:3,1
DA:4,8
DA:5,8
DA:6,8
DA:7,8
DA:8,1
DA:9,1
DA:10,54
DA:11,40
DA:12,40
DA:13,14
DA:14,14
DA:15,14
DA:16,14
DA:17,14
DA:18,14
DA:19,14
DA:20,1
DA:21,1
DA:22,2
DA:23,10
DA:24,10
DA:25,10
DA:26,36
DA:27,8
DA:28,8
DA:29,8
DA:30,36
DA:31,10
DA:32,10
DA:33,10
DA:34,10
DA:35,10
DA:36,36
DA:37,4
DA:38,4
DA:39,4
DA:40,4
DA:41,4
DA:42,36
DA:43,6
DA:44,6
DA:45,6
DA:46,6
DA:47,6
DA:48,8
DA:49,8
DA:50,8
DA:51,8
DA:52,8
DA:53,8
DA:54,8
DA:55,8
DA:56,8
DA:57,0
DA:58,0
DA:59,10
DA:60,10
DA:61,2
DA:62,2
DA:63,2
DA:64,1
DA:65,1
LF:65
LH:63
BRDA:3,0,0,8
BRDA:9,1,0,54
BRDA:10,2,0,40
BRDA:12,3,0,14
BRDA:16,4,0,18
BRDA:21,5,0,2
BRDA:22,6,0,10
BRDA:25,7,0,36
BRDA:26,8,0,8
BRDA:29,9,0,28
BRDA:30,10,0,10
BRDA:35,11,0,18
BRDA:36,12,0,4
BRDA:41,13,0,14
BRDA:42,14,0,6
BRDA:47,15,0,8
BRDA:56,16,0,0
BRF:17
BRH:16
end_of_record
TN:
SF:src/formatters/stylishPlus.js
FN:5,getChildren
FN:11,info
FN:22,stringify
FN:34,formatter
FN:78,stylishPlus
FNF:5
FNH:0
FNDA:0,getChildren
FNDA:0,info
FNDA:0,stringify
FNDA:0,formatter
FNDA:0,stylishPlus
DA:1,1
DA:2,1
DA:3,1
DA:4,1
DA:5,1
DA:6,0
DA:7,0
DA:8,0
DA:9,0
DA:10,1
DA:11,1
DA:12,0
DA:13,0
DA:14,0
DA:15,0
DA:16,0
DA:17,0
DA:18,0
DA:19,0
DA:20,0
DA:21,1
DA:22,1
DA:23,0
DA:24,0
DA:25,0
DA:26,0
DA:27,0
DA:28,0
DA:29,0
DA:30,0
DA:31,0
DA:32,0
DA:33,1
DA:34,1
DA:35,0
DA:36,0
DA:37,0
DA:38,0
DA:39,0
DA:40,0
DA:41,0
DA:42,0
DA:43,0
DA:44,0
DA:45,0
DA:46,0
DA:47,0
DA:48,0
DA:49,0
DA:50,0
DA:51,0
DA:52,0
DA:53,0
DA:54,0
DA:55,0
DA:56,0
DA:57,0
DA:58,0
DA:59,0
DA:60,0
DA:61,0
DA:62,0
DA:63,0
DA:64,0
DA:65,0
DA:66,0
DA:67,0
DA:68,0
DA:69,0
DA:70,0
DA:71,0
DA:72,0
DA:73,0
DA:74,0
DA:75,0
DA:76,0
DA:77,1
DA:78,1
DA:79,0
DA:80,0
DA:81,0
DA:82,0
DA:83,1
DA:84,1
LF:84
LH:15
BRF:0
BRH:0
end_of_record
